<?xml version="1.0" encoding="UTF-8" standalone="yes"?><!DOCTYPE report PUBLIC "-//JACOCO//DTD Report 1.1//EN" "report.dtd"><report name="TourGuide"><sessioninfo id="DESKTOP-3DNGVDD-b4e9f0a5" start="1670345786439" dump="1670345787832"/><sessioninfo id="DESKTOP-3DNGVDD-7e06187" start="1670345981436" dump="1670345982751"/><sessioninfo id="DESKTOP-3DNGVDD-20579914" start="1670346127936" dump="1670346129273"/><sessioninfo id="DESKTOP-3DNGVDD-da433bf5" start="1670346173267" dump="1670346174586"/><sessioninfo id="DESKTOP-3DNGVDD-cdeadd21" start="1670346234318" dump="1670346235578"/><sessioninfo id="DESKTOP-3DNGVDD-d2e0b882" start="1670346306894" dump="1670346308263"/><sessioninfo id="DESKTOP-3DNGVDD-8d47348f" start="1670346379062" dump="1670346380432"/><sessioninfo id="DESKTOP-3DNGVDD-965d0857" start="1670347315798" dump="1670347317134"/><sessioninfo id="DESKTOP-3DNGVDD-173e6e0d" start="1670347566264" dump="1670347567655"/><sessioninfo id="DESKTOP-3DNGVDD-c11834eb" start="1670347646455" dump="1670347647907"/><sessioninfo id="DESKTOP-3DNGVDD-bc251803" start="1670347665205" dump="1670347666659"/><sessioninfo id="DESKTOP-3DNGVDD-2d6490c3" start="1670347726669" dump="1670347728087"/><sessioninfo id="DESKTOP-3DNGVDD-52821f57" start="1670348068211" dump="1670348069624"/><sessioninfo id="DESKTOP-3DNGVDD-2c7729a" start="1670349482785" dump="1670349484134"/><sessioninfo id="DESKTOP-3DNGVDD-273f5e0f" start="1670349522901" dump="1670349524052"/><sessioninfo id="DESKTOP-3DNGVDD-dcd1c598" start="1670349946758" dump="1670349948136"/><sessioninfo id="DESKTOP-3DNGVDD-a8af02c4" start="1670350229051" dump="1670350230328"/><sessioninfo id="DESKTOP-3DNGVDD-a214628" start="1670350271927" dump="1670350273332"/><sessioninfo id="DESKTOP-3DNGVDD-cbfd55a1" start="1670350283883" dump="1670350285196"/><sessioninfo id="DESKTOP-3DNGVDD-6670eb8" start="1670350292713" dump="1670350294019"/><sessioninfo id="DESKTOP-3DNGVDD-5333ec82" start="1670350303061" dump="1670350304347"/><sessioninfo id="DESKTOP-3DNGVDD-33dd3adf" start="1670350400758" dump="1670350402142"/><sessioninfo id="DESKTOP-3DNGVDD-dd7f7933" start="1670350476574" dump="1670350477562"/><sessioninfo id="DESKTOP-3DNGVDD-9c0f7513" start="1670350730916" dump="1670350732301"/><sessioninfo id="DESKTOP-3DNGVDD-b2431226" start="1670350789116" dump="1670350790540"/><sessioninfo id="DESKTOP-3DNGVDD-34e7275b" start="1670351065000" dump="1670351066446"/><sessioninfo id="DESKTOP-3DNGVDD-5729c2a2" start="1670351347342" dump="1670351348734"/><sessioninfo id="DESKTOP-3DNGVDD-309ffbe4" start="1670351775618" dump="1670351777008"/><sessioninfo id="DESKTOP-3DNGVDD-84b79d2c" start="1670351992857" dump="1670351994229"/><sessioninfo id="DESKTOP-3DNGVDD-173b642c" start="1670353156451" dump="1670353157802"/><sessioninfo id="DESKTOP-3DNGVDD-987773cd" start="1670353247923" dump="1670353249260"/><sessioninfo id="DESKTOP-3DNGVDD-3ef71695" start="1670353416820" dump="1670353418181"/><sessioninfo id="DESKTOP-3DNGVDD-d80ffd1b" start="1670354098594" dump="1670354099896"/><sessioninfo id="DESKTOP-3DNGVDD-e3e6897e" start="1670354327792" dump="1670354329177"/><sessioninfo id="DESKTOP-3DNGVDD-eeba294b" start="1670354367321" dump="1670354368709"/><sessioninfo id="DESKTOP-3DNGVDD-ca6efba7" start="1670357695408" dump="1670357696842"/><sessioninfo id="DESKTOP-3DNGVDD-71c20cb2" start="1670357709593" dump="1670357710890"/><sessioninfo id="DESKTOP-3DNGVDD-7f4ec412" start="1670357732502" dump="1670357733471"/><sessioninfo id="DESKTOP-3DNGVDD-94c132dd" start="1670357746105" dump="1670357747565"/><sessioninfo id="DESKTOP-3DNGVDD-b473fc7d" start="1670357923038" dump="1670357924394"/><sessioninfo id="DESKTOP-3DNGVDD-ea4a10f6" start="1670357950617" dump="1670357951959"/><sessioninfo id="DESKTOP-3DNGVDD-2104455a" start="1670357991315" dump="1670357992644"/><sessioninfo id="DESKTOP-3DNGVDD-dae4acad" start="1670358012103" dump="1670358013496"/><sessioninfo id="DESKTOP-3DNGVDD-1674fb5f" start="1670358023447" dump="1670358025028"/><sessioninfo id="DESKTOP-3DNGVDD-fd2d3e26" start="1670358227996" dump="1670358229389"/><sessioninfo id="DESKTOP-3DNGVDD-94043446" start="1670358326495" dump="1670358327895"/><sessioninfo id="DESKTOP-3DNGVDD-e73caa59" start="1670358354176" dump="1670358355708"/><sessioninfo id="DESKTOP-3DNGVDD-7f87e86" start="1670367547627" dump="1670367549255"/><sessioninfo id="DESKTOP-3DNGVDD-1af7b22d" start="1670367591831" dump="1670367592811"/><sessioninfo id="DESKTOP-3DNGVDD-a22064df" start="1670367609183" dump="1670367610610"/><sessioninfo id="DESKTOP-3DNGVDD-a3e2355a" start="1670367667932" dump="1670367676740"/><sessioninfo id="DESKTOP-3DNGVDD-4301ed61" start="1670369108611" dump="1670369110166"/><sessioninfo id="DESKTOP-3DNGVDD-f8c64058" start="1670371369836" dump="1670371371254"/><sessioninfo id="DESKTOP-3DNGVDD-6594245f" start="1670372507071" dump="1670372508633"/><sessioninfo id="DESKTOP-3DNGVDD-d3498b5b" start="1670415395417" dump="1670415396578"/><sessioninfo id="DESKTOP-3DNGVDD-4db994f" start="1670415524584" dump="1670415525614"/><sessioninfo id="DESKTOP-3DNGVDD-9848f9f2" start="1670415589844" dump="1670415591035"/><sessioninfo id="DESKTOP-3DNGVDD-f47930df" start="1670415605982" dump="1670415607149"/><sessioninfo id="DESKTOP-3DNGVDD-25b332d8" start="1670415646960" dump="1670415648197"/><sessioninfo id="DESKTOP-3DNGVDD-1cf1ea80" start="1670415718696" dump="1670415720041"/><sessioninfo id="DESKTOP-3DNGVDD-69747164" start="1670416387790" dump="1670416389018"/><sessioninfo id="DESKTOP-3DNGVDD-d72e13bd" start="1670416526294" dump="1670416527585"/><sessioninfo id="DESKTOP-3DNGVDD-698e6e54" start="1670416607257" dump="1670416608444"/><sessioninfo id="DESKTOP-3DNGVDD-82eac76b" start="1670417106195" dump="1670417107602"/><sessioninfo id="DESKTOP-3DNGVDD-a3b19922" start="1670417149365" dump="1670417150864"/><sessioninfo id="DESKTOP-3DNGVDD-314d1b99" start="1670417993473" dump="1670417994233"/><sessioninfo id="DESKTOP-3DNGVDD-f84cb1a4" start="1670418076935" dump="1670418079325"/><sessioninfo id="DESKTOP-3DNGVDD-1adb9701" start="1670418133372" dump="1670418136471"/><sessioninfo id="DESKTOP-3DNGVDD-9c95322c" start="1670418231432" dump="1670418233811"/><sessioninfo id="DESKTOP-3DNGVDD-73744b1e" start="1670418299223" dump="1670418300616"/><sessioninfo id="DESKTOP-3DNGVDD-a32de795" start="1670418335269" dump="1670418336288"/><sessioninfo id="DESKTOP-3DNGVDD-a85c61b2" start="1670418345654" dump="1670418346696"/><sessioninfo id="DESKTOP-3DNGVDD-7491ef18" start="1670418359494" dump="1670418360883"/><sessioninfo id="DESKTOP-3DNGVDD-cc7a188" start="1670418485359" dump="1670418500616"/><sessioninfo id="DESKTOP-3DNGVDD-c46a936a" start="1670419513655" dump="1670419514946"/><sessioninfo id="DESKTOP-3DNGVDD-32b91b1" start="1670419600002" dump="1670419601353"/><sessioninfo id="DESKTOP-3DNGVDD-cc5a3dc" start="1670420248721" dump="1670420250125"/><sessioninfo id="DESKTOP-3DNGVDD-3bb83235" start="1670420296015" dump="1670420297635"/><sessioninfo id="DESKTOP-3DNGVDD-b7d975a8" start="1670420417402" dump="1670420418816"/><sessioninfo id="DESKTOP-3DNGVDD-5e680e25" start="1670420688211" dump="1670420689675"/><sessioninfo id="DESKTOP-3DNGVDD-f96984c1" start="1670421692290" dump="1670421693685"/><sessioninfo id="DESKTOP-3DNGVDD-62b2bdfa" start="1670422830711" dump="1670422832162"/><sessioninfo id="DESKTOP-3DNGVDD-93daf982" start="1670428342811" dump="1670428344419"/><sessioninfo id="DESKTOP-3DNGVDD-e0bac283" start="1670429588588" dump="1670429590007"/><sessioninfo id="DESKTOP-3DNGVDD-bb257087" start="1670430307869" dump="1670430309250"/><sessioninfo id="DESKTOP-3DNGVDD-4ae32a89" start="1670430346353" dump="1670430347741"/><sessioninfo id="DESKTOP-3DNGVDD-b9014a30" start="1670432803753" dump="1670432805114"/><sessioninfo id="DESKTOP-3DNGVDD-100d664c" start="1670432842462" dump="1670432843466"/><sessioninfo id="DESKTOP-3DNGVDD-598eb3d2" start="1670432876225" dump="1670432877469"/><sessioninfo id="DESKTOP-3DNGVDD-c88fa7ca" start="1670492811751" dump="1670492813189"/><sessioninfo id="DESKTOP-3DNGVDD-5ef58f5f" start="1670493002317" dump="1670493003691"/><sessioninfo id="DESKTOP-3DNGVDD-ffa9d948" start="1670494142031" dump="1670494144526"/><sessioninfo id="DESKTOP-3DNGVDD-b94a98b5" start="1670494155540" dump="1670494157876"/><sessioninfo id="DESKTOP-3DNGVDD-687e2b66" start="1670494167197" dump="1670494168216"/><sessioninfo id="DESKTOP-3DNGVDD-d77bed52" start="1670494179779" dump="1670494187324"/><sessioninfo id="DESKTOP-3DNGVDD-6fc3d838" start="1670494206944" dump="1670494213325"/><sessioninfo id="DESKTOP-3DNGVDD-58e727b8" start="1670494321391" dump="1670494322503"/><sessioninfo id="DESKTOP-3DNGVDD-7b5291a7" start="1670494600865" dump="1670494602284"/><sessioninfo id="DESKTOP-3DNGVDD-83e1ba62" start="1670494610133" dump="1670494611204"/><sessioninfo id="DESKTOP-3DNGVDD-f6f82b6c" start="1670494619448" dump="1670494620812"/><sessioninfo id="DESKTOP-3DNGVDD-d94eb929" start="1670495422587" dump="1670495423956"/><sessioninfo id="DESKTOP-3DNGVDD-e8b8221d" start="1670495497871" dump="1670495499298"/><sessioninfo id="DESKTOP-3DNGVDD-95fd9808" start="1670495539190" dump="1670495540629"/><sessioninfo id="DESKTOP-3DNGVDD-cc86a58d" start="1670495570628" dump="1670495572132"/><sessioninfo id="DESKTOP-3DNGVDD-bbb519db" start="1670495644128" dump="1670495650858"/><sessioninfo id="DESKTOP-3DNGVDD-25b54b0c" start="1670495664525" dump="1670495671463"/><sessioninfo id="DESKTOP-3DNGVDD-ebc003cd" start="1670495703042" dump="1670495704539"/><sessioninfo id="DESKTOP-3DNGVDD-bdaf2c4e" start="1670495713508" dump="1670495714929"/><sessioninfo id="DESKTOP-3DNGVDD-49cc292a" start="1670495757807" dump="1670495759276"/><sessioninfo id="DESKTOP-3DNGVDD-1e739cef" start="1670497092218" dump="1670497093764"/><sessioninfo id="DESKTOP-3DNGVDD-7ceaeed6" start="1670497351854" dump="1670497392227"/><sessioninfo id="DESKTOP-3DNGVDD-62d0cd0a" start="1670497448356" dump="1670497449772"/><sessioninfo id="DESKTOP-3DNGVDD-248145a7" start="1670497658362" dump="1670497664740"/><sessioninfo id="DESKTOP-3DNGVDD-1c4e1ec5" start="1670497732254" dump="1670497733674"/><sessioninfo id="DESKTOP-3DNGVDD-f837d294" start="1670497847772" dump="1670497849108"/><sessioninfo id="DESKTOP-3DNGVDD-411893d7" start="1670497855044" dump="1670497856385"/><sessioninfo id="DESKTOP-3DNGVDD-d7579ce6" start="1670498180502" dump="1670498181925"/><sessioninfo id="DESKTOP-3DNGVDD-6966aa1e" start="1670498295937" dump="1670498297253"/><sessioninfo id="DESKTOP-3DNGVDD-2a1c6832" start="1670498400984" dump="1670498402345"/><sessioninfo id="DESKTOP-3DNGVDD-ad0ee6d2" start="1670499153606" dump="1670499162598"/><sessioninfo id="DESKTOP-3DNGVDD-db894b6a" start="1670499198797" dump="1670499200485"/><sessioninfo id="DESKTOP-3DNGVDD-6c459585" start="1670499208618" dump="1670499209738"/><sessioninfo id="DESKTOP-3DNGVDD-fe87c47b" start="1670499217849" dump="1670499230907"/><sessioninfo id="DESKTOP-3DNGVDD-230e2b90" start="1670501363316" dump="1670501375982"/><sessioninfo id="DESKTOP-3DNGVDD-a6b66228" start="1670501788284" dump="1670501804086"/><sessioninfo id="DESKTOP-3DNGVDD-f2904bed" start="1670502144959" dump="1670502159030"/><sessioninfo id="DESKTOP-3DNGVDD-6bbc0be7" start="1670502333533" dump="1670502370567"/><sessioninfo id="DESKTOP-3DNGVDD-9e2c9c1f" start="1670502582910" dump="1670502621702"/><sessioninfo id="DESKTOP-3DNGVDD-cb0c5cd8" start="1670502671480" dump="1670502712786"/><sessioninfo id="DESKTOP-3DNGVDD-9b0fa906" start="1670502986242" dump="1670503000883"/><sessioninfo id="DESKTOP-3DNGVDD-d006d5d" start="1670503628648" dump="1670503639947"/><sessioninfo id="DESKTOP-3DNGVDD-1e72225c" start="1670503730808" dump="1670503744859"/><sessioninfo id="DESKTOP-3DNGVDD-f8d93e73" start="1670503842229" dump="1670503856159"/><sessioninfo id="DESKTOP-3DNGVDD-7401fb84" start="1670504186760" dump="1670504200885"/><sessioninfo id="DESKTOP-3DNGVDD-d6fddffc" start="1670504617103" dump="1670504628685"/><sessioninfo id="DESKTOP-3DNGVDD-f1ec8222" start="1670504843872" dump="1670504855889"/><sessioninfo id="DESKTOP-3DNGVDD-b8424848" start="1670505426494" dump="1670505440401"/><sessioninfo id="DESKTOP-3DNGVDD-8ff1e89f" start="1670507735665" dump="1670507737661"/><sessioninfo id="DESKTOP-3DNGVDD-1b54096a" start="1670507772585" dump="1670507773691"/><sessioninfo id="DESKTOP-3DNGVDD-78ed3f51" start="1670507782831" dump="1670507834900"/><sessioninfo id="DESKTOP-3DNGVDD-bb0371f9" start="1670508550005" dump="1670508551433"/><sessioninfo id="DESKTOP-3DNGVDD-acf0ee3a" start="1670509353185" dump="1670509407261"/><sessioninfo id="DESKTOP-3DNGVDD-503e2c93" start="1670512325806" dump="1670512327168"/><sessioninfo id="DESKTOP-3DNGVDD-e2626e40" start="1670512338813" dump="1670512340113"/><sessioninfo id="DESKTOP-3DNGVDD-9047f1a9" start="1670512658086" dump="1670512659356"/><sessioninfo id="DESKTOP-3DNGVDD-9ee95ff4" start="1670512670682" dump="1670512671988"/><sessioninfo id="DESKTOP-3DNGVDD-5bfd5b9f" start="1670512680271" dump="1670512681712"/><sessioninfo id="DESKTOP-3DNGVDD-7feab03b" start="1670512690281" dump="1670512691347"/><sessioninfo id="DESKTOP-3DNGVDD-d915be07" start="1670512702549" dump="1670512703939"/><sessioninfo id="DESKTOP-3DNGVDD-24b05b1a" start="1670512712714" dump="1670512714043"/><sessioninfo id="DESKTOP-3DNGVDD-4d5220cd" start="1670512752092" dump="1670512753557"/><sessioninfo id="DESKTOP-3DNGVDD-23338f4b" start="1670512766857" dump="1670512767926"/><sessioninfo id="DESKTOP-3DNGVDD-ba397b3b" start="1670512788930" dump="1670512790349"/><sessioninfo id="DESKTOP-3DNGVDD-40ad1a1f" start="1670512933898" dump="1670512935333"/><sessioninfo id="DESKTOP-3DNGVDD-f4560e9e" start="1670513615944" dump="1670513617386"/><sessioninfo id="DESKTOP-3DNGVDD-7bd36ae3" start="1670513783499" dump="1670513844924"/><sessioninfo id="DESKTOP-3DNGVDD-21f57bec" start="1670513924482" dump="1670513955851"/><sessioninfo id="DESKTOP-3DNGVDD-16df543" start="1670513970329" dump="1670513981709"/><sessioninfo id="DESKTOP-3DNGVDD-ca3561e2" start="1670514058801" dump="1670514065149"/><sessioninfo id="DESKTOP-3DNGVDD-b9aec039" start="1670514078879" dump="1670514086286"/><sessioninfo id="DESKTOP-3DNGVDD-20645705" start="1670514089841" dump="1670514101239"/><sessioninfo id="DESKTOP-3DNGVDD-11bc0125" start="1670514149760" dump="1670514156131"/><sessioninfo id="DESKTOP-3DNGVDD-311ca393" start="1670514170407" dump="1670514172785"/><sessioninfo id="DESKTOP-3DNGVDD-bda4fde3" start="1670514692883" dump="1670514693909"/><sessioninfo id="DESKTOP-3DNGVDD-e5e9d2fb" start="1670514705441" dump="1670514707876"/><sessioninfo id="DESKTOP-3DNGVDD-b8689534" start="1670515960346" dump="1670515962012"/><sessioninfo id="DESKTOP-3DNGVDD-5578c22b" start="1670516118649" dump="1670516121091"/><sessioninfo id="DESKTOP-3DNGVDD-38b30aa" start="1670516145713" dump="1670516148184"/><sessioninfo id="DESKTOP-3DNGVDD-8a4518dc" start="1670516171898" dump="1670516173254"/><sessioninfo id="DESKTOP-3DNGVDD-d3c0459d" start="1670516278420" dump="1670516280903"/><sessioninfo id="DESKTOP-3DNGVDD-73981ab1" start="1670516380803" dump="1670516383217"/><sessioninfo id="DESKTOP-3DNGVDD-9141e246" start="1670516413205" dump="1670516425227"/><sessioninfo id="DESKTOP-3DNGVDD-84b85b82" start="1670516444700" dump="1670516550280"/><sessioninfo id="DESKTOP-3DNGVDD-e8a1bd33" start="1670516633814" dump="1670516738802"/><sessioninfo id="DESKTOP-3DNGVDD-e2eb0176" start="1670516969733" dump="1670517074763"/><sessioninfo id="DESKTOP-3DNGVDD-580fc20b" start="1670517212316" dump="1670517335326"/><sessioninfo id="DESKTOP-3DNGVDD-78ae1b49" start="1670517542905" dump="1670517556382"/><sessioninfo id="DESKTOP-3DNGVDD-cae69116" start="1670518133300" dump="1670518147156"/><sessioninfo id="DESKTOP-3DNGVDD-28a25a70" start="1670518169405" dump="1670518293274"/><sessioninfo id="DESKTOP-3DNGVDD-d84bdd8d" start="1670518366550" dump="1670518489959"/><sessioninfo id="DESKTOP-3DNGVDD-63a8e8f" start="1670518673435" dump="1670518797586"/><sessioninfo id="DESKTOP-3DNGVDD-38b3d88f" start="1670518827415" dump="1670519074589"/><sessioninfo id="DESKTOP-3DNGVDD-83794de8" start="1670519180466" dump="1670519304294"/><sessioninfo id="DESKTOP-3DNGVDD-454dfe95" start="1670519420256" dump="1670519543704"/><sessioninfo id="DESKTOP-3DNGVDD-4639b8fe" start="1670519699847" dump="1670519805218"/><sessioninfo id="DESKTOP-3DNGVDD-d77fee42" start="1670519916525" dump="1670519934600"/><sessioninfo id="DESKTOP-3DNGVDD-2b87dd06" start="1670519948858" dump="1670520115196"/><sessioninfo id="DESKTOP-3DNGVDD-ddd9fc21" start="1670520502775" dump="1670520504174"/><sessioninfo id="DESKTOP-3DNGVDD-1a7b6e1" start="1670520580088" dump="1670520581489"/><sessioninfo id="DESKTOP-3DNGVDD-5e3a563c" start="1670521415558" dump="1670521427408"/><sessioninfo id="DESKTOP-3DNGVDD-1a977bd4" start="1670521456794" dump="1670521561657"/><sessioninfo id="DESKTOP-3DNGVDD-52abe272" start="1670521583051" dump="1670521662176"/><sessioninfo id="DESKTOP-3DNGVDD-340596a7" start="1670522808659" dump="1670522850912"/><sessioninfo id="DESKTOP-3DNGVDD-a60d6218" start="1670522988654" dump="1670523000580"/><sessioninfo id="DESKTOP-3DNGVDD-3f4151ee" start="1670523068988" dump="1670523114698"/><sessioninfo id="DESKTOP-3DNGVDD-269909eb" start="1670523175972" dump="1670523187829"/><sessioninfo id="DESKTOP-3DNGVDD-456c8f6" start="1670523320284" dump="1670523425193"/><sessioninfo id="DESKTOP-3DNGVDD-4c9aa949" start="1670524227136" dump="1670524306966"/><sessioninfo id="DESKTOP-3DNGVDD-7795375f" start="1670524393510" dump="1670524548497"/><sessioninfo id="DESKTOP-3DNGVDD-990e6e59" start="1670525045298" dump="1670525053652"/><sessioninfo id="DESKTOP-3DNGVDD-25815c0d" start="1670525072446" dump="1670525113678"/><sessioninfo id="DESKTOP-3DNGVDD-974571f1" start="1670525200173" dump="1670525288593"/><sessioninfo id="DESKTOP-3DNGVDD-c1f46137" start="1670525369413" dump="1670525547604"/><sessioninfo id="DESKTOP-3DNGVDD-a14b4779" start="1670525927435" dump="1670526177700"/><sessioninfo id="DESKTOP-3DNGVDD-92fca98" start="1670581032175" dump="1670581033760"/><sessioninfo id="DESKTOP-3DNGVDD-47b51e7c" start="1670581048564" dump="1670581050029"/><sessioninfo id="DESKTOP-3DNGVDD-8da0ae39" start="1670581980686" dump="1670581982043"/><sessioninfo id="DESKTOP-3DNGVDD-cf1b6225" start="1670582874569" dump="1670582875977"/><sessioninfo id="DESKTOP-3DNGVDD-50488ac2" start="1670582905210" dump="1670582907645"/><sessioninfo id="DESKTOP-3DNGVDD-16446562" start="1670582916046" dump="1670582918517"/><sessioninfo id="DESKTOP-3DNGVDD-2e4f9dd6" start="1670582993964" dump="1670582998336"/><sessioninfo id="DESKTOP-3DNGVDD-1b2e700d" start="1670583012177" dump="1670583014607"/><sessioninfo id="DESKTOP-3DNGVDD-d486e711" start="1670583030003" dump="1670583033423"/><sessioninfo id="DESKTOP-3DNGVDD-cdf7e3f9" start="1670583050551" dump="1670583054913"/><sessioninfo id="DESKTOP-3DNGVDD-9bb255c0" start="1670583388793" dump="1670583393194"/><sessioninfo id="DESKTOP-3DNGVDD-49d5aad9" start="1670583440435" dump="1670583444904"/><sessioninfo id="DESKTOP-3DNGVDD-ff167741" start="1670583520445" dump="1670583524832"/><sessioninfo id="DESKTOP-3DNGVDD-a39911bf" start="1670583705113" dump="1670583709498"/><sessioninfo id="DESKTOP-3DNGVDD-9bc5a72a" start="1670586272286" dump="1670586273755"/><sessioninfo id="DESKTOP-3DNGVDD-9eec30e1" start="1670586481592" dump="1670586485989"/><sessioninfo id="DESKTOP-3DNGVDD-21c4f5ba" start="1670586513660" dump="1670586521018"/><sessioninfo id="DESKTOP-3DNGVDD-c2688b61" start="1670586552639" dump="1670586553972"/><sessioninfo id="DESKTOP-3DNGVDD-a518a219" start="1670586565511" dump="1670586566860"/><sessioninfo id="DESKTOP-3DNGVDD-d0c3b5e8" start="1670586588769" dump="1670586590124"/><sessioninfo id="DESKTOP-3DNGVDD-7b362649" start="1670586668036" dump="1670586669420"/><sessioninfo id="DESKTOP-3DNGVDD-b31d992c" start="1670586752231" dump="1670586764084"/><sessioninfo id="DESKTOP-3DNGVDD-3c521fb9" start="1670586803305" dump="1670586866400"/><sessioninfo id="DESKTOP-3DNGVDD-3bb16d3" start="1670587049061" dump="1670587091920"/><sessioninfo id="DESKTOP-3DNGVDD-746134da" start="1670587188279" dump="1670587200261"/><sessioninfo id="DESKTOP-3DNGVDD-6904b0a3" start="1670587229816" dump="1670587334885"/><sessioninfo id="DESKTOP-3DNGVDD-c29697f3" start="1670587540904" dump="1670587552717"/><sessioninfo id="DESKTOP-3DNGVDD-4dc6ba1e" start="1670587624886" dump="1670587833420"/><sessioninfo id="DESKTOP-3DNGVDD-cc142fe4" start="1670587912137" dump="1670588430917"/><sessioninfo id="DESKTOP-3DNGVDD-e2c21d4e" start="1670588550915" dump="1670589588908"/><sessioninfo id="DESKTOP-3DNGVDD-5f5615b1" start="1670589818725" dump="1670589824522"/><sessioninfo id="DESKTOP-3DNGVDD-c67ecead" start="1670589914858" dump="1670589954285"/><sessioninfo id="DESKTOP-3DNGVDD-53ae045f" start="1670590048336" dump="1670590157030"/><sessioninfo id="DESKTOP-3DNGVDD-6279356b" start="1670590322687" dump="1670590443034"/><sessioninfo id="DESKTOP-3DNGVDD-2c79f5c7" start="1670590599066" dump="1670590929642"/><sessioninfo id="DESKTOP-3DNGVDD-79be676e" start="1670591049463" dump="1670591138016"/><sessioninfo id="DESKTOP-3DNGVDD-de912f6e" start="1670591275805" dump="1670591354479"/><sessioninfo id="DESKTOP-3DNGVDD-9b3534f4" start="1670591415166" dump="1670592187659"/><sessioninfo id="DESKTOP-3DNGVDD-5692f1a3" start="1670595162104" dump="1670595169928"/><sessioninfo id="DESKTOP-3DNGVDD-616e52e7" start="1670595181869" dump="1670595248263"/><sessioninfo id="DESKTOP-3DNGVDD-578a21df" start="1670596797962" dump="1670596876119"/><sessioninfo id="DESKTOP-3DNGVDD-dc4bde93" start="1670596972982" dump="1670597039742"/><sessioninfo id="DESKTOP-3DNGVDD-de5f09fd" start="1670666087571" dump="1670666095263"/><sessioninfo id="DESKTOP-3DNGVDD-2f575f72" start="1670666120923" dump="1670666123338"/><sessioninfo id="DESKTOP-3DNGVDD-c926ee6f" start="1670666141829" dump="1670666149184"/><sessioninfo id="DESKTOP-3DNGVDD-8f0f24ce" start="1670666170310" dump="1670666171926"/><sessioninfo id="DESKTOP-3DNGVDD-500a40ae" start="1670666469167" dump="1670666475332"/><sessioninfo id="DESKTOP-3DNGVDD-676e4d67" start="1670666487872" dump="1670666488906"/><sessioninfo id="DESKTOP-3DNGVDD-e3cd9c89" start="1670666521126" dump="1670666527495"/><sessioninfo id="DESKTOP-3DNGVDD-d5971ebd" start="1670666561033" dump="1670666601053"/><sessioninfo id="DESKTOP-3DNGVDD-22d0c43e" start="1670667206745" dump="1670667208830"/><sessioninfo id="DESKTOP-3DNGVDD-2f8c73de" start="1670667264460" dump="1670667270972"/><sessioninfo id="DESKTOP-3DNGVDD-33f71cc5" start="1670667302239" dump="1670667338064"/><sessioninfo id="DESKTOP-3DNGVDD-4441825c" start="1670667380542" dump="1670667386938"/><sessioninfo id="DESKTOP-3DNGVDD-af22c83" start="1670667422285" dump="1670667459033"/><sessioninfo id="DESKTOP-3DNGVDD-4a905a60" start="1670667500672" dump="1670667517603"/><sessioninfo id="DESKTOP-3DNGVDD-df72b547" start="1670667543709" dump="1670667721792"/><sessioninfo id="DESKTOP-3DNGVDD-24d5db61" start="1670667758556" dump="1670668135493"/><sessioninfo id="DESKTOP-3DNGVDD-348b1c1c" start="1670668255856" dump="1670668258260"/><sessioninfo id="DESKTOP-3DNGVDD-9c024ae5" start="1670674185317" dump="1670674192885"/><sessioninfo id="DESKTOP-3DNGVDD-ac6033d7" start="1670674209699" dump="1670674211359"/><sessioninfo id="DESKTOP-3DNGVDD-83b31c2" start="1670674314724" dump="1670674316238"/><sessioninfo id="DESKTOP-3DNGVDD-5adc6cff" start="1670678016583" dump="1670678018235"/><sessioninfo id="DESKTOP-3DNGVDD-e331991c" start="1670678032119" dump="1670678039735"/><sessioninfo id="DESKTOP-3DNGVDD-c4d36813" start="1670678056800" dump="1670678060096"/><sessioninfo id="DESKTOP-3DNGVDD-c9f2365c" start="1670748807837" dump="1670748809328"/><sessioninfo id="DESKTOP-3DNGVDD-2e3d99a1" start="1670850772641" dump="1670850774064"/><sessioninfo id="DESKTOP-3DNGVDD-26bb8215" start="1670850948160" dump="1670850949568"/><sessioninfo id="DESKTOP-3DNGVDD-4034ea1c" start="1670851058905" dump="1670851060380"/><sessioninfo id="DESKTOP-3DNGVDD-b9ae6b6e" start="1670851640666" dump="1670851642626"/><sessioninfo id="DESKTOP-3DNGVDD-c0154a45" start="1670851660726" dump="1670851672594"/><sessioninfo id="DESKTOP-3DNGVDD-8313d51a" start="1670851692074" dump="1670851759247"/><sessioninfo id="DESKTOP-3DNGVDD-2c0e1a29" start="1670851819374" dump="1670851923259"/><sessioninfo id="DESKTOP-3DNGVDD-ee3f2519" start="1670851973174" dump="1670851974364"/><sessioninfo id="DESKTOP-3DNGVDD-92ba12a" start="1670852047220" dump="1670852322955"/><sessioninfo id="DESKTOP-3DNGVDD-1dc18d5" start="1670852608077" dump="1670852614909"/><sessioninfo id="DESKTOP-3DNGVDD-a08956e9" start="1670852635945" dump="1670852702328"/><sessioninfo id="DESKTOP-3DNGVDD-81abb6d6" start="1670852739065" dump="1670852980333"/><sessioninfo id="DESKTOP-3DNGVDD-4f6c502f" start="1670853055024" dump="1670853510385"/><sessioninfo id="DESKTOP-3DNGVDD-ddb86550" start="1670853615818" dump="1670853868152"/><sessioninfo id="DESKTOP-3DNGVDD-ac85f986" start="1670853947653" dump="1670853999214"/><sessioninfo id="DESKTOP-3DNGVDD-1c961960" start="1670854108705" dump="1670854118763"/><sessioninfo id="DESKTOP-3DNGVDD-83dcd635" start="1670854333693" dump="1670854341456"/><sessioninfo id="DESKTOP-3DNGVDD-44d8390e" start="1670854390369" dump="1670854392251"/><sessioninfo id="DESKTOP-3DNGVDD-fb58a2d" start="1670854582750" dump="1670854584234"/><sessioninfo id="DESKTOP-3DNGVDD-b481403a" start="1670855621944" dump="1670855624803"/><sessioninfo id="DESKTOP-3DNGVDD-cda7e1a2" start="1670855683395" dump="1670855692918"/><sessioninfo id="DESKTOP-3DNGVDD-7637964e" start="1670855719550" dump="1670855730498"/><sessioninfo id="DESKTOP-3DNGVDD-c68559ea" start="1670855778129" dump="1670855784716"/><sessioninfo id="DESKTOP-3DNGVDD-816a378f" start="1670855807506" dump="1670855810343"/><sessioninfo id="DESKTOP-3DNGVDD-d67d87d7" start="1670855858651" dump="1670855860779"/><sessioninfo id="DESKTOP-3DNGVDD-1be03db2" start="1670855892396" dump="1670855894128"/><sessioninfo id="DESKTOP-3DNGVDD-821f9535" start="1670856018695" dump="1670856030499"/><sessioninfo id="DESKTOP-3DNGVDD-7ab7673d" start="1670856083208" dump="1670856085684"/><sessioninfo id="DESKTOP-3DNGVDD-32031c07" start="1670856130658" dump="1670856142677"/><sessioninfo id="DESKTOP-3DNGVDD-e7e8b46c" start="1670856159916" dump="1670856265371"/><sessioninfo id="DESKTOP-3DNGVDD-9fc9b22a" start="1670856295239" dump="1670857340341"/><sessioninfo id="DESKTOP-3DNGVDD-7eec9fb3" start="1670857623862" dump="1670857635741"/><sessioninfo id="DESKTOP-3DNGVDD-cc63e6fc" start="1670857981510" dump="1670857993008"/><sessioninfo id="DESKTOP-3DNGVDD-552c9d32" start="1670858727912" dump="1670858730391"/><sessioninfo id="DESKTOP-3DNGVDD-a5ae8c1c" start="1670858750343" dump="1670858752067"/><sessioninfo id="DESKTOP-3DNGVDD-4e71b18e" start="1670858831127" dump="1670858833833"/><sessioninfo id="DESKTOP-3DNGVDD-39616b08" start="1670859121639" dump="1670859124352"/><sessioninfo id="DESKTOP-3DNGVDD-67586b9f" start="1670859234875" dump="1670859237558"/><sessioninfo id="DESKTOP-3DNGVDD-c29121b9" start="1670859670610" dump="1670859748364"/><sessioninfo id="DESKTOP-3DNGVDD-2442649f" start="1670859970680" dump="1670859972047"/><sessioninfo id="DESKTOP-3DNGVDD-8686b881" start="1670860039600" dump="1670860048609"/><sessioninfo id="DESKTOP-3DNGVDD-c4eddd4" start="1670860269986" dump="1670860279392"/><sessioninfo id="DESKTOP-3DNGVDD-b7b0b034" start="1670860334074" dump="1670860343030"/><sessioninfo id="DESKTOP-3DNGVDD-69351927" start="1670860361960" dump="1670860441441"/><sessioninfo id="DESKTOP-3DNGVDD-86a4f04a" start="1670860857749" dump="1670860865054"/><sessioninfo id="DESKTOP-3DNGVDD-4e5f38af" start="1670860890870" dump="1670860924361"/><sessioninfo id="DESKTOP-3DNGVDD-76f324b7" start="1670860958680" dump="1670861082259"/><sessioninfo id="DESKTOP-3DNGVDD-38c4ed85" start="1670862568367" dump="1670862569786"/><sessioninfo id="DESKTOP-3DNGVDD-640d9137" start="1670863031382" dump="1670863033083"/><sessioninfo id="DESKTOP-3DNGVDD-b0762bdb" start="1670864150957" dump="1670864158319"/><sessioninfo id="DESKTOP-3DNGVDD-f0894604" start="1670864227280" dump="1670864229723"/><sessioninfo id="DESKTOP-3DNGVDD-71549baf" start="1670960316954" dump="1670960318378"/><sessioninfo id="DESKTOP-3DNGVDD-64f1bf0b" start="1670960351364" dump="1670960352793"/><sessioninfo id="DESKTOP-3DNGVDD-a03a8ae3" start="1670960397756" dump="1670960399179"/><sessioninfo id="DESKTOP-3DNGVDD-6d11dfad" start="1671040968448" dump="1671040975845"/><sessioninfo id="DESKTOP-3DNGVDD-63af4fe4" start="1671044113176" dump="1671044120640"/><sessioninfo id="DESKTOP-3DNGVDD-b42b0ce9" start="1671044228478" dump="1671044235841"/><sessioninfo id="DESKTOP-3DNGVDD-e3bcaf2c" start="1671044247308" dump="1671044249724"/><sessioninfo id="DESKTOP-3DNGVDD-d3d2243e" start="1671044273060" dump="1671044280401"/><sessioninfo id="DESKTOP-3DNGVDD-12a63957" start="1671053586900" dump="1671053588334"/><sessioninfo id="DESKTOP-3DNGVDD-bf4b2bc" start="1671053797848" dump="1671053799269"/><sessioninfo id="DESKTOP-3DNGVDD-3b71c3af" start="1671111691562" dump="1671111692949"/><sessioninfo id="DESKTOP-3DNGVDD-c23e7401" start="1671133699791" dump="1671133701350"/><sessioninfo id="DESKTOP-3DNGVDD-9135f5a3" start="1671133869957" dump="1671133872352"/><sessioninfo id="DESKTOP-3DNGVDD-b192249f" start="1671133891371" dump="1671133903263"/><sessioninfo id="DESKTOP-3DNGVDD-31720dd3" start="1671133962500" dump="1671134067686"/><sessioninfo id="DESKTOP-3DNGVDD-80fa2654" start="1671134762848" dump="1671134868266"/><sessioninfo id="DESKTOP-3DNGVDD-53ce5c35" start="1671135027633" dump="1671135039485"/><sessioninfo id="DESKTOP-3DNGVDD-c5816683" start="1671447128626" dump="1671447130028"/><sessioninfo id="DESKTOP-3DNGVDD-341e238e" start="1671552932307" dump="1671552933730"/><sessioninfo id="DESKTOP-3DNGVDD-f3d2d78d" start="1671558406706" dump="1671558408075"/><sessioninfo id="DESKTOP-3DNGVDD-71d7a4c1" start="1671568424178" dump="1671568426263"/><sessioninfo id="DESKTOP-3DNGVDD-498e95c3" start="1671568448601" dump="1671568456985"/><sessioninfo id="DESKTOP-3DNGVDD-212f27c" start="1671568480609" dump="1671568552417"/><sessioninfo id="DESKTOP-3DNGVDD-c01dbd61" start="1671568691582" dump="1671569047198"/><sessioninfo id="DESKTOP-3DNGVDD-bdee91df" start="1671569180946" dump="1671569183033"/><sessioninfo id="DESKTOP-3DNGVDD-3c0b3bca" start="1671569203862" dump="1671569212220"/><sessioninfo id="DESKTOP-3DNGVDD-a65c73a1" start="1671569246574" dump="1671569318970"/><sessioninfo id="DESKTOP-3DNGVDD-9c0b6b46" start="1671569362738" dump="1671570072994"/><sessioninfo id="DESKTOP-3DNGVDD-523c2e89" start="1671570232954" dump="1671570239336"/><sessioninfo id="DESKTOP-3DNGVDD-7d602c85" start="1671570286883" dump="1671570302166"/><sessioninfo id="DESKTOP-3DNGVDD-ca5a3a30" start="1671570342492" dump="1671570376127"/><sessioninfo id="DESKTOP-3DNGVDD-25a6d514" start="1671570408793" dump="1671570641647"/><sessioninfo id="DESKTOP-3DNGVDD-1d084b24" start="1671570726776" dump="1671571061306"/><sessioninfo id="DESKTOP-3DNGVDD-e441ea5" start="1671571323843" dump="1671571494917"/><sessioninfo id="DESKTOP-3DNGVDD-1eb0ee15" start="1671581358240" dump="1671581370145"/><sessioninfo id="DESKTOP-3DNGVDD-7442e36" start="1671581439553" dump="1671581441996"/><sessioninfo id="DESKTOP-3DNGVDD-daf4a94f" start="1671581473026" dump="1671581577348"/><sessioninfo id="DESKTOP-3DNGVDD-84241ea6" start="1671581964778" dump="1671581976603"/><sessioninfo id="DESKTOP-3DNGVDD-8f712700" start="1671605908571" dump="1671605909958"/><sessioninfo id="DESKTOP-3DNGVDD-52661fc9" start="1671606781897" dump="1671606783257"/><sessioninfo id="DESKTOP-3DNGVDD-787bc7d0" start="1671607941165" dump="1671607942411"/><sessioninfo id="DESKTOP-3DNGVDD-d5ec7913" start="1671608040216" dump="1671608041553"/><sessioninfo id="DESKTOP-3DNGVDD-9768857f" start="1671608084144" dump="1671608085434"/><sessioninfo id="DESKTOP-3DNGVDD-6251978a" start="1671608192942" dump="1671608194221"/><sessioninfo id="DESKTOP-3DNGVDD-3f6ed4e5" start="1671608338839" dump="1671608340185"/><sessioninfo id="DESKTOP-3DNGVDD-c4ded3e2" start="1671608365126" dump="1671608366426"/><sessioninfo id="DESKTOP-3DNGVDD-e0c063ce" start="1671608428854" dump="1671608430184"/><sessioninfo id="DESKTOP-3DNGVDD-19f83b16" start="1671608942510" dump="1671608943881"/><sessioninfo id="DESKTOP-3DNGVDD-18945464" start="1671609046011" dump="1671609047480"/><sessioninfo id="DESKTOP-3DNGVDD-ad920767" start="1671613060816" dump="1671613062311"/><sessioninfo id="DESKTOP-3DNGVDD-232289ee" start="1671751822909" dump="1671751824587"/><sessioninfo id="DESKTOP-3DNGVDD-8fb852bb" start="1671751834220" dump="1671751836579"/><sessioninfo id="DESKTOP-3DNGVDD-c2940e32" start="1671751886347" dump="1671751889407"/><package name="tourGuide"><class name="tourGuide/Application" sourcefilename="Application.java"><method name="&lt;init&gt;" desc="()V" line="7"><counter type="INSTRUCTION" missed="3" covered="0"/><counter type="LINE" missed="1" covered="0"/><counter type="COMPLEXITY" missed="1" covered="0"/><counter type="METHOD" missed="1" covered="0"/></method><method name="main" desc="([Ljava/lang/String;)V" line="10"><counter type="INSTRUCTION" missed="5" covered="0"/><counter type="LINE" missed="2" covered="0"/><counter type="COMPLEXITY" missed="1" covered="0"/><counter type="METHOD" missed="1" covered="0"/></method><counter type="INSTRUCTION" missed="8" covered="0"/><counter type="LINE" missed="3" covered="0"/><counter type="COMPLEXITY" missed="2" covered="0"/><counter type="METHOD" missed="2" covered="0"/><counter type="CLASS" missed="1" covered="0"/></class><class name="tourGuide/TourGuideModule" sourcefilename="TourGuideModule.java"><method name="&lt;init&gt;" desc="()V" line="11"><counter type="INSTRUCTION" missed="3" covered="0"/><counter type="LINE" missed="1" covered="0"/><counter type="COMPLEXITY" missed="1" covered="0"/><counter type="METHOD" missed="1" covered="0"/></method><method name="getGpsUtil" desc="()LgpsUtil/GpsUtil;" line="15"><counter type="INSTRUCTION" missed="4" covered="0"/><counter type="LINE" missed="1" covered="0"/><counter type="COMPLEXITY" missed="1" covered="0"/><counter type="METHOD" missed="1" covered="0"/></method><method name="getRewardsService" desc="()LtourGuide/service/RewardsService;" line="20"><counter type="INSTRUCTION" missed="8" covered="0"/><counter type="LINE" missed="1" covered="0"/><counter type="COMPLEXITY" missed="1" covered="0"/><counter type="METHOD" missed="1" covered="0"/></method><method name="getRewardCentral" desc="()LrewardCentral/RewardCentral;" line="25"><counter type="INSTRUCTION" missed="4" covered="0"/><counter type="LINE" missed="1" covered="0"/><counter type="COMPLEXITY" missed="1" covered="0"/><counter type="METHOD" missed="1" covered="0"/></method><counter type="INSTRUCTION" missed="19" covered="0"/><counter type="LINE" missed="4" covered="0"/><counter type="COMPLEXITY" missed="4" covered="0"/><counter type="METHOD" missed="4" covered="0"/><counter type="CLASS" missed="1" covered="0"/></class><class name="tourGuide/TourGuideController" sourcefilename="TourGuideController.java"><method name="&lt;init&gt;" desc="(LtourGuide/service/TourGuideService;)V" line="22"><counter type="INSTRUCTION" missed="6" covered="0"/><counter type="LINE" missed="3" covered="0"/><counter type="COMPLEXITY" missed="1" covered="0"/><counter type="METHOD" missed="1" covered="0"/></method><method name="index" desc="()Ljava/lang/String;" line="30"><counter type="INSTRUCTION" missed="2" covered="0"/><counter type="LINE" missed="1" covered="0"/><counter type="COMPLEXITY" missed="1" covered="0"/><counter type="METHOD" missed="1" covered="0"/></method><method name="getLocation" desc="(Ljava/lang/String;)Ljava/lang/String;" line="37"><counter type="INSTRUCTION" missed="11" covered="0"/><counter type="LINE" missed="2" covered="0"/><counter type="COMPLEXITY" missed="1" covered="0"/><counter type="METHOD" missed="1" covered="0"/></method><method name="getNearbyAttractions" desc="(Ljava/lang/String;)Ljava/lang/String;" line="45"><counter type="INSTRUCTION" missed="13" covered="0"/><counter type="LINE" missed="2" covered="0"/><counter type="COMPLEXITY" missed="1" covered="0"/><counter type="METHOD" missed="1" covered="0"/></method><method name="getRewards" desc="(Ljava/lang/String;)Ljava/lang/String;" line="53"><counter type="INSTRUCTION" missed="8" covered="0"/><counter type="LINE" missed="1" covered="0"/><counter type="COMPLEXITY" missed="1" covered="0"/><counter type="METHOD" missed="1" covered="0"/></method><method name="getAllCurrentLocations" desc="()Ljava/lang/String;" line="60"><counter type="INSTRUCTION" missed="5" covered="0"/><counter type="LINE" missed="1" covered="0"/><counter type="COMPLEXITY" missed="1" covered="0"/><counter type="METHOD" missed="1" covered="0"/></method><method name="getTripDeals" desc="(Ljava/lang/String;)Ljava/lang/String;" line="67"><counter type="INSTRUCTION" missed="10" covered="0"/><counter type="LINE" missed="2" covered="0"/><counter type="COMPLEXITY" missed="1" covered="0"/><counter type="METHOD" missed="1" covered="0"/></method><method name="setUserPreferences" desc="(LtourGuide/user/UserPreferences;)Ljava/lang/String;" line="75"><counter type="INSTRUCTION" missed="8" covered="0"/><counter type="LINE" missed="2" covered="0"/><counter type="COMPLEXITY" missed="1" covered="0"/><counter type="METHOD" missed="1" covered="0"/></method><method name="getUser" desc="(Ljava/lang/String;)LtourGuide/user/User;" line="82"><counter type="INSTRUCTION" missed="5" covered="0"/><counter type="LINE" missed="1" covered="0"/><counter type="COMPLEXITY" missed="1" covered="0"/><counter type="METHOD" missed="1" covered="0"/></method><counter type="INSTRUCTION" missed="68" covered="0"/><counter type="LINE" missed="15" covered="0"/><counter type="COMPLEXITY" missed="9" covered="0"/><counter type="METHOD" missed="9" covered="0"/><counter type="CLASS" missed="1" covered="0"/></class><sourcefile name="Application.java"><line nr="7" mi="3" ci="0" mb="0" cb="0"/><line nr="10" mi="4" ci="0" mb="0" cb="0"/><line nr="11" mi="1" ci="0" mb="0" cb="0"/><counter type="INSTRUCTION" missed="8" covered="0"/><counter type="LINE" missed="3" covered="0"/><counter type="COMPLEXITY" missed="2" covered="0"/><counter type="METHOD" missed="2" covered="0"/><counter type="CLASS" missed="1" covered="0"/></sourcefile><sourcefile name="TourGuideModule.java"><line nr="11" mi="3" ci="0" mb="0" cb="0"/><line nr="15" mi="4" ci="0" mb="0" cb="0"/><line nr="20" mi="8" ci="0" mb="0" cb="0"/><line nr="25" mi="4" ci="0" mb="0" cb="0"/><counter type="INSTRUCTION" missed="19" covered="0"/><counter type="LINE" missed="4" covered="0"/><counter type="COMPLEXITY" missed="4" covered="0"/><counter type="METHOD" missed="4" covered="0"/><counter type="CLASS" missed="1" covered="0"/></sourcefile><sourcefile name="TourGuideController.java"><line nr="22" mi="2" ci="0" mb="0" cb="0"/><line nr="23" mi="3" ci="0" mb="0" cb="0"/><line nr="24" mi="1" ci="0" mb="0" cb="0"/><line nr="30" mi="2" ci="0" mb="0" cb="0"/><line nr="37" mi="7" ci="0" mb="0" cb="0"/><line nr="38" mi="4" ci="0" mb="0" cb="0"/><line nr="45" mi="7" ci="0" mb="0" cb="0"/><line nr="46" mi="6" ci="0" mb="0" cb="0"/><line nr="53" mi="8" ci="0" mb="0" cb="0"/><line nr="60" mi="5" ci="0" mb="0" cb="0"/><line nr="67" mi="7" ci="0" mb="0" cb="0"/><line nr="68" mi="3" ci="0" mb="0" cb="0"/><line nr="75" mi="5" ci="0" mb="0" cb="0"/><line nr="76" mi="3" ci="0" mb="0" cb="0"/><line nr="82" mi="5" ci="0" mb="0" cb="0"/><counter type="INSTRUCTION" missed="68" covered="0"/><counter type="LINE" missed="15" covered="0"/><counter type="COMPLEXITY" missed="9" covered="0"/><counter type="METHOD" missed="9" covered="0"/><counter type="CLASS" missed="1" covered="0"/></sourcefile><counter type="INSTRUCTION" missed="95" covered="0"/><counter type="LINE" missed="22" covered="0"/><counter type="COMPLEXITY" missed="15" covered="0"/><counter type="METHOD" missed="15" covered="0"/><counter type="CLASS" missed="3" covered="0"/></package><package name="tourGuide/tracker"><class name="tourGuide/tracker/Tracker" sourcefilename="Tracker.java"><method name="&lt;init&gt;" desc="(LtourGuide/service/TourGuideService;)V" line="17"><counter type="INSTRUCTION" missed="0" covered="21"/><counter type="LINE" missed="0" covered="7"/><counter type="COMPLEXITY" missed="0" covered="1"/><counter type="METHOD" missed="0" covered="1"/></method><method name="stopTracking" desc="()V" line="35"><counter type="INSTRUCTION" missed="0" covered="8"/><counter type="LINE" missed="0" covered="3"/><counter type="COMPLEXITY" missed="0" covered="1"/><counter type="METHOD" missed="0" covered="1"/></method><method name="run" desc="()V" line="42"><counter type="INSTRUCTION" missed="10" covered="61"/><counter type="BRANCH" missed="2" covered="2"/><counter type="LINE" missed="5" covered="13"/><counter type="COMPLEXITY" missed="2" covered="1"/><counter type="METHOD" missed="0" covered="1"/></method><method name="lambda$run$0" desc="(LtourGuide/user/User;)V" line="54"><counter type="INSTRUCTION" missed="0" covered="6"/><counter type="LINE" missed="0" covered="1"/><counter type="COMPLEXITY" missed="0" covered="1"/><counter type="METHOD" missed="0" covered="1"/></method><method name="&lt;clinit&gt;" desc="()V" line="18"><counter type="INSTRUCTION" missed="0" covered="5"/><counter type="LINE" missed="0" covered="1"/><counter type="COMPLEXITY" missed="0" covered="1"/><counter type="METHOD" missed="0" covered="1"/></method><counter type="INSTRUCTION" missed="10" covered="101"/><counter type="BRANCH" missed="2" covered="2"/><counter type="LINE" missed="5" covered="24"/><counter type="COMPLEXITY" missed="2" covered="5"/><counter type="METHOD" missed="0" covered="5"/><counter type="CLASS" missed="0" covered="1"/></class><sourcefile name="Tracker.java"><line nr="17" mi="0" ci="4" mb="0" cb="0"/><line nr="18" mi="0" ci="5" mb="0" cb="0"/><line nr="19" mi="0" ci="3" mb="0" cb="0"/><line nr="21" mi="0" ci="3" mb="0" cb="0"/><line nr="24" mi="0" ci="2" mb="0" cb="0"/><line nr="25" mi="0" ci="3" mb="0" cb="0"/><line nr="27" mi="0" ci="5" mb="0" cb="0"/><line nr="28" mi="0" ci="1" mb="0" cb="0"/><line nr="35" mi="0" ci="3" mb="0" cb="0"/><line nr="36" mi="0" ci="4" mb="0" cb="0"/><line nr="37" mi="0" ci="1" mb="0" cb="0"/><line nr="42" mi="0" ci="4" mb="0" cb="0"/><line nr="45" mi="0" ci="6" mb="2" cb="2"/><line nr="47" mi="4" ci="0" mb="0" cb="0"/><line nr="48" mi="1" ci="0" mb="0" cb="0"/><line nr="51" mi="0" ci="4" mb="0" cb="0"/><line nr="52" mi="0" ci="14" mb="0" cb="0"/><line nr="53" mi="0" ci="2" mb="0" cb="0"/><line nr="54" mi="0" ci="10" mb="0" cb="0"/><line nr="55" mi="0" ci="2" mb="0" cb="0"/><line nr="56" mi="0" ci="16" mb="0" cb="0"/><line nr="57" mi="0" ci="2" mb="0" cb="0"/><line nr="60" mi="0" ci="4" mb="0" cb="0"/><line nr="61" mi="3" ci="0" mb="0" cb="0"/><line nr="63" mi="0" ci="1" mb="0" cb="0"/><line nr="65" mi="0" ci="1" mb="0" cb="0"/><line nr="66" mi="1" ci="0" mb="0" cb="0"/><line nr="67" mi="1" ci="0" mb="0" cb="0"/><line nr="69" mi="0" ci="1" mb="0" cb="0"/><counter type="INSTRUCTION" missed="10" covered="101"/><counter type="BRANCH" missed="2" covered="2"/><counter type="LINE" missed="5" covered="24"/><counter type="COMPLEXITY" missed="2" covered="5"/><counter type="METHOD" missed="0" covered="5"/><counter type="CLASS" missed="0" covered="1"/></sourcefile><counter type="INSTRUCTION" missed="10" covered="101"/><counter type="BRANCH" missed="2" covered="2"/><counter type="LINE" missed="5" covered="24"/><counter type="COMPLEXITY" missed="2" covered="5"/><counter type="METHOD" missed="0" covered="5"/><counter type="CLASS" missed="0" covered="1"/></package><package name="tourGuide/helper"><class name="tourGuide/helper/InternalTestHelper" sourcefilename="InternalTestHelper.java"><method name="&lt;init&gt;" desc="()V" line="3"><counter type="INSTRUCTION" missed="3" covered="0"/><counter type="LINE" missed="1" covered="0"/><counter type="COMPLEXITY" missed="1" covered="0"/><counter type="METHOD" missed="1" covered="0"/></method><method name="setInternalUserNumber" desc="(I)V" line="9"><counter type="INSTRUCTION" missed="0" covered="3"/><counter type="LINE" missed="0" covered="2"/><counter type="COMPLEXITY" missed="0" covered="1"/><counter type="METHOD" missed="0" covered="1"/></method><method name="getInternalUserNumber" desc="()I" line="13"><counter type="INSTRUCTION" missed="0" covered="2"/><counter type="LINE" missed="0" covered="1"/><counter type="COMPLEXITY" missed="0" covered="1"/><counter type="METHOD" missed="0" covered="1"/></method><method name="&lt;clinit&gt;" desc="()V" line="6"><counter type="INSTRUCTION" missed="0" covered="3"/><counter type="LINE" missed="0" covered="1"/><counter type="COMPLEXITY" missed="0" covered="1"/><counter type="METHOD" missed="0" covered="1"/></method><counter type="INSTRUCTION" missed="3" covered="8"/><counter type="LINE" missed="1" covered="4"/><counter type="COMPLEXITY" missed="1" covered="3"/><counter type="METHOD" missed="1" covered="3"/><counter type="CLASS" missed="0" covered="1"/></class><sourcefile name="InternalTestHelper.java"><line nr="3" mi="3" ci="0" mb="0" cb="0"/><line nr="6" mi="0" ci="3" mb="0" cb="0"/><line nr="9" mi="0" ci="2" mb="0" cb="0"/><line nr="10" mi="0" ci="1" mb="0" cb="0"/><line nr="13" mi="0" ci="2" mb="0" cb="0"/><counter type="INSTRUCTION" missed="3" covered="8"/><counter type="LINE" missed="1" covered="4"/><counter type="COMPLEXITY" missed="1" covered="3"/><counter type="METHOD" missed="1" covered="3"/><counter type="CLASS" missed="0" covered="1"/></sourcefile><counter type="INSTRUCTION" missed="3" covered="8"/><counter type="LINE" missed="1" covered="4"/><counter type="COMPLEXITY" missed="1" covered="3"/><counter type="METHOD" missed="1" covered="3"/><counter type="CLASS" missed="0" covered="1"/></package><package name="tourGuide/service"><class name="tourGuide/service/RewardsService" sourcefilename="RewardsService.java"><method name="&lt;init&gt;" desc="(LgpsUtil/GpsUtil;LrewardCentral/RewardCentral;)V" line="30"><counter type="INSTRUCTION" missed="0" covered="19"/><counter type="LINE" missed="0" covered="7"/><counter type="COMPLEXITY" missed="0" covered="1"/><counter type="METHOD" missed="0" covered="1"/></method><method name="calculateRewards" desc="(LtourGuide/user/User;)V" line="54"><counter type="INSTRUCTION" missed="0" covered="59"/><counter type="BRANCH" missed="0" covered="8"/><counter type="LINE" missed="0" covered="13"/><counter type="COMPLEXITY" missed="0" covered="5"/><counter type="METHOD" missed="0" covered="1"/></method><method name="isWithinAttractionProximity" desc="(LgpsUtil/location/Attraction;LgpsUtil/location/Location;)Z" line="79"><counter type="INSTRUCTION" missed="0" covered="13"/><counter type="BRANCH" missed="0" covered="2"/><counter type="LINE" missed="0" covered="1"/><counter type="COMPLEXITY" missed="0" covered="2"/><counter type="METHOD" missed="0" covered="1"/></method><method name="nearAttraction" desc="(LgpsUtil/location/VisitedLocation;LgpsUtil/location/Attraction;)Z" line="85"><counter type="INSTRUCTION" missed="0" covered="14"/><counter type="BRANCH" missed="0" covered="2"/><counter type="LINE" missed="0" covered="1"/><counter type="COMPLEXITY" missed="0" covered="2"/><counter type="METHOD" missed="0" covered="1"/></method><method name="getRewardPoints" desc="(LgpsUtil/location/Attraction;)I" line="91"><counter type="INSTRUCTION" missed="0" covered="7"/><counter type="LINE" missed="0" covered="1"/><counter type="COMPLEXITY" missed="0" covered="1"/><counter type="METHOD" missed="0" covered="1"/></method><method name="getDistance" desc="(LgpsUtil/location/Location;LgpsUtil/location/Location;)D" line="97"><counter type="INSTRUCTION" missed="0" covered="45"/><counter type="LINE" missed="0" covered="9"/><counter type="COMPLEXITY" missed="0" covered="1"/><counter type="METHOD" missed="0" covered="1"/></method><method name="setProximityBuffer" desc="(I)V" line="116"><counter type="INSTRUCTION" missed="0" covered="4"/><counter type="LINE" missed="0" covered="2"/><counter type="COMPLEXITY" missed="0" covered="1"/><counter type="METHOD" missed="0" covered="1"/></method><method name="setDefaultProximityBuffer" desc="()V" line="121"><counter type="INSTRUCTION" missed="5" covered="0"/><counter type="LINE" missed="2" covered="0"/><counter type="COMPLEXITY" missed="1" covered="0"/><counter type="METHOD" missed="1" covered="0"/></method><method name="lambda$calculateRewards$0" desc="(LgpsUtil/location/Attraction;)Ljava/lang/Integer;" line="68"><counter type="INSTRUCTION" missed="0" covered="5"/><counter type="LINE" missed="0" covered="1"/><counter type="COMPLEXITY" missed="0" covered="1"/><counter type="METHOD" missed="0" covered="1"/></method><counter type="INSTRUCTION" missed="5" covered="166"/><counter type="BRANCH" missed="0" covered="12"/><counter type="LINE" missed="2" covered="34"/><counter type="COMPLEXITY" missed="1" covered="14"/><counter type="METHOD" missed="1" covered="8"/><counter type="CLASS" missed="0" covered="1"/></class><class name="tourGuide/service/TourGuideService$1" sourcefilename="TourGuideService.java"><method name="&lt;init&gt;" desc="(LtourGuide/service/TourGuideService;)V" line="185"><counter type="INSTRUCTION" missed="0" covered="6"/><counter type="LINE" missed="0" covered="1"/><counter type="COMPLEXITY" missed="0" covered="1"/><counter type="METHOD" missed="0" covered="1"/></method><method name="run" desc="()V" line="188"><counter type="INSTRUCTION" missed="0" covered="5"/><counter type="LINE" missed="0" covered="2"/><counter type="COMPLEXITY" missed="0" covered="1"/><counter type="METHOD" missed="0" covered="1"/></method><counter type="INSTRUCTION" missed="0" covered="11"/><counter type="LINE" missed="0" covered="3"/><counter type="COMPLEXITY" missed="0" covered="2"/><counter type="METHOD" missed="0" covered="2"/><counter type="CLASS" missed="0" covered="1"/></class><class name="tourGuide/service/TourGuideService" sourcefilename="TourGuideService.java"><method name="&lt;init&gt;" desc="(LgpsUtil/GpsUtil;LtourGuide/service/RewardsService;)V" line="35"><counter type="INSTRUCTION" missed="0" covered="51"/><counter type="BRANCH" missed="1" covered="1"/><counter type="LINE" missed="0" covered="15"/><counter type="COMPLEXITY" missed="1" covered="1"/><counter type="METHOD" missed="0" covered="1"/></method><method name="getUserRewards" desc="(LtourGuide/user/User;)Ljava/util/Collection;" line="71"><counter type="INSTRUCTION" missed="0" covered="3"/><counter type="LINE" missed="0" covered="1"/><counter type="COMPLEXITY" missed="0" covered="1"/><counter type="METHOD" missed="0" covered="1"/></method><method name="getUserLocation" desc="(LtourGuide/user/User;)LgpsUtil/location/VisitedLocation;" line="78"><counter type="INSTRUCTION" missed="3" covered="8"/><counter type="BRANCH" missed="1" covered="1"/><counter type="LINE" missed="0" covered="1"/><counter type="COMPLEXITY" missed="1" covered="1"/><counter type="METHOD" missed="0" covered="1"/></method><method name="getUser" desc="(Ljava/lang/String;)LtourGuide/user/User;" line="85"><counter type="INSTRUCTION" missed="0" covered="6"/><counter type="LINE" missed="0" covered="1"/><counter type="COMPLEXITY" missed="0" covered="1"/><counter type="METHOD" missed="0" covered="1"/></method><method name="getAllUsers" desc="()Ljava/util/List;" line="91"><counter type="INSTRUCTION" missed="0" covered="8"/><counter type="LINE" missed="0" covered="1"/><counter type="COMPLEXITY" missed="0" covered="1"/><counter type="METHOD" missed="0" covered="1"/></method><method name="addUser" desc="(LtourGuide/user/User;)V" line="98"><counter type="INSTRUCTION" missed="0" covered="14"/><counter type="BRANCH" missed="1" covered="1"/><counter type="LINE" missed="0" covered="3"/><counter type="COMPLEXITY" missed="1" covered="1"/><counter type="METHOD" missed="0" covered="1"/></method><method name="getTripDeals" desc="(LtourGuide/user/User;)Ljava/util/List;" line="108"><counter type="INSTRUCTION" missed="0" covered="29"/><counter type="LINE" missed="0" covered="8"/><counter type="COMPLEXITY" missed="0" covered="1"/><counter type="METHOD" missed="0" covered="1"/></method><method name="trackUserLocation" desc="(LtourGuide/user/User;)LgpsUtil/location/VisitedLocation;" line="138"><counter type="INSTRUCTION" missed="0" covered="11"/><counter type="LINE" missed="0" covered="3"/><counter type="COMPLEXITY" missed="0" covered="1"/><counter type="METHOD" missed="0" covered="1"/></method><method name="trackUsersLocation" desc="(Ljava/util/Collection;)V" line="152"><counter type="INSTRUCTION" missed="0" covered="6"/><counter type="LINE" missed="0" covered="2"/><counter type="COMPLEXITY" missed="0" covered="1"/><counter type="METHOD" missed="0" covered="1"/></method><method name="getNearbyAttractions" desc="(LgpsUtil/location/VisitedLocation;)Ljava/util/List;" line="158"><counter type="INSTRUCTION" missed="0" covered="25"/><counter type="LINE" missed="0" covered="10"/><counter type="COMPLEXITY" missed="0" covered="1"/><counter type="METHOD" missed="0" covered="1"/></method><method name="getAllVisitedLocationsOfAllUsers" desc="()Ljava/util/List;" line="176"><counter type="INSTRUCTION" missed="0" covered="9"/><counter type="LINE" missed="0" covered="3"/><counter type="COMPLEXITY" missed="0" covered="1"/><counter type="METHOD" missed="0" covered="1"/></method><method name="addShutDownHook" desc="()V" line="184"><counter type="INSTRUCTION" missed="0" covered="7"/><counter type="LINE" missed="0" covered="2"/><counter type="COMPLEXITY" missed="0" covered="1"/><counter type="METHOD" missed="0" covered="1"/></method><method name="initializeInternalUsers" desc="()V" line="202"><counter type="INSTRUCTION" missed="0" covered="20"/><counter type="LINE" missed="0" covered="3"/><counter type="COMPLEXITY" missed="0" covered="1"/><counter type="METHOD" missed="0" covered="1"/></method><method name="generateUserLocationHistory" desc="(LtourGuide/user/User;)V" line="217"><counter type="INSTRUCTION" missed="0" covered="8"/><counter type="LINE" missed="0" covered="2"/><counter type="COMPLEXITY" missed="0" covered="1"/><counter type="METHOD" missed="0" covered="1"/></method><method name="generateRandomLongitude" desc="()D" line="232"><counter type="INSTRUCTION" missed="0" covered="15"/><counter type="LINE" missed="0" covered="3"/><counter type="COMPLEXITY" missed="0" covered="1"/><counter type="METHOD" missed="0" covered="1"/></method><method name="generateRandomLatitude" desc="()D" line="239"><counter type="INSTRUCTION" missed="0" covered="15"/><counter type="LINE" missed="0" covered="3"/><counter type="COMPLEXITY" missed="0" covered="1"/><counter type="METHOD" missed="0" covered="1"/></method><method name="getRandomTime" desc="()Ljava/util/Date;" line="246"><counter type="INSTRUCTION" missed="0" covered="14"/><counter type="LINE" missed="0" covered="2"/><counter type="COMPLEXITY" missed="0" covered="1"/><counter type="METHOD" missed="0" covered="1"/></method><method name="setUserPreferences" desc="(LtourGuide/user/UserPreferences;)LtourGuide/user/UserPreferences;" line="252"><counter type="INSTRUCTION" missed="54" covered="0"/><counter type="BRANCH" missed="12" covered="0"/><counter type="LINE" missed="16" covered="0"/><counter type="COMPLEXITY" missed="7" covered="0"/><counter type="METHOD" missed="1" covered="0"/></method><method name="lambda$generateUserLocationHistory$7" desc="(LtourGuide/user/User;I)V" line="218"><counter type="INSTRUCTION" missed="0" covered="17"/><counter type="LINE" missed="0" covered="6"/><counter type="COMPLEXITY" missed="0" covered="1"/><counter type="METHOD" missed="0" covered="1"/></method><method name="lambda$initializeInternalUsers$6" desc="(I)V" line="203"><counter type="INSTRUCTION" missed="0" covered="38"/><counter type="LINE" missed="0" covered="7"/><counter type="COMPLEXITY" missed="0" covered="1"/><counter type="METHOD" missed="0" covered="1"/></method><method name="lambda$getAllVisitedLocationsOfAllUsers$5" desc="(LtourGuide/user/User;)Ljava/util/stream/Stream;" line="177"><counter type="INSTRUCTION" missed="0" covered="4"/><counter type="LINE" missed="0" covered="1"/><counter type="COMPLEXITY" missed="0" covered="1"/><counter type="METHOD" missed="0" covered="1"/></method><method name="lambda$getNearbyAttractions$4" desc="(LgpsUtil/location/VisitedLocation;LgpsUtil/location/Attraction;)Ljava/lang/Double;" line="165"><counter type="INSTRUCTION" missed="0" covered="8"/><counter type="LINE" missed="0" covered="1"/><counter type="COMPLEXITY" missed="0" covered="1"/><counter type="METHOD" missed="0" covered="1"/></method><method name="lambda$getNearbyAttractions$3" desc="(LgpsUtil/location/VisitedLocation;LgpsUtil/location/Attraction;)Z" line="161"><counter type="INSTRUCTION" missed="0" covered="7"/><counter type="LINE" missed="0" covered="1"/><counter type="COMPLEXITY" missed="0" covered="1"/><counter type="METHOD" missed="0" covered="1"/></method><method name="lambda$trackUserLocation$2" desc="(LtourGuide/user/User;LgpsUtil/location/VisitedLocation;)LgpsUtil/location/VisitedLocation;" line="141"><counter type="INSTRUCTION" missed="0" covered="9"/><counter type="LINE" missed="0" covered="3"/><counter type="COMPLEXITY" missed="0" covered="1"/><counter type="METHOD" missed="0" covered="1"/></method><method name="lambda$trackUserLocation$1" desc="(LtourGuide/user/User;)LgpsUtil/location/VisitedLocation;" line="138"><counter type="INSTRUCTION" missed="0" covered="6"/><counter type="LINE" missed="0" covered="1"/><counter type="COMPLEXITY" missed="0" covered="1"/><counter type="METHOD" missed="0" covered="1"/></method><method name="lambda$getTripDeals$0" desc="(LtourGuide/user/UserReward;)I" line="108"><counter type="INSTRUCTION" missed="3" covered="0"/><counter type="LINE" missed="1" covered="0"/><counter type="COMPLEXITY" missed="1" covered="0"/><counter type="METHOD" missed="1" covered="0"/></method><counter type="INSTRUCTION" missed="60" covered="338"/><counter type="BRANCH" missed="15" covered="3"/><counter type="LINE" missed="16" covered="79"/><counter type="COMPLEXITY" missed="11" covered="24"/><counter type="METHOD" missed="2" covered="24"/><counter type="CLASS" missed="0" covered="1"/></class><sourcefile name="RewardsService.java"><line nr="30" mi="0" ci="3" mb="0" cb="0"/><line nr="31" mi="0" ci="4" mb="0" cb="0"/><line nr="32" mi="0" ci="3" mb="0" cb="0"/><line nr="42" mi="0" ci="2" mb="0" cb="0"/><line nr="43" mi="0" ci="3" mb="0" cb="0"/><line nr="44" mi="0" ci="3" mb="0" cb="0"/><line nr="45" mi="0" ci="1" mb="0" cb="0"/><line nr="54" mi="0" ci="3" mb="0" cb="0"/><line nr="56" mi="0" ci="4" mb="0" cb="0"/><line nr="58" mi="0" ci="10" mb="0" cb="2"/><line nr="60" mi="0" ci="10" mb="0" cb="2"/><line nr="62" mi="0" ci="4" mb="0" cb="2"/><line nr="64" mi="0" ci="5" mb="0" cb="2"/><line nr="66" mi="0" ci="6" mb="0" cb="0"/><line nr="67" mi="0" ci="3" mb="0" cb="0"/><line nr="68" mi="0" ci="14" mb="0" cb="0"/><line nr="69" mi="0" ci="2" mb="0" cb="0"/><line nr="72" mi="0" ci="1" mb="0" cb="0"/><line nr="73" mi="0" ci="1" mb="0" cb="0"/><line nr="74" mi="0" ci="1" mb="0" cb="0"/><line nr="79" mi="0" ci="13" mb="0" cb="2"/><line nr="85" mi="0" ci="14" mb="0" cb="2"/><line nr="91" mi="0" ci="7" mb="0" cb="0"/><line nr="97" mi="0" ci="4" mb="0" cb="0"/><line nr="98" mi="0" ci="4" mb="0" cb="0"/><line nr="99" mi="0" ci="4" mb="0" cb="0"/><line nr="100" mi="0" ci="4" mb="0" cb="0"/><line nr="102" mi="0" ci="8" mb="0" cb="0"/><line nr="103" mi="0" ci="10" mb="0" cb="0"/><line nr="105" mi="0" ci="5" mb="0" cb="0"/><line nr="106" mi="0" ci="4" mb="0" cb="0"/><line nr="107" mi="0" ci="2" mb="0" cb="0"/><line nr="116" mi="0" ci="3" mb="0" cb="0"/><line nr="117" mi="0" ci="1" mb="0" cb="0"/><line nr="121" mi="4" ci="0" mb="0" cb="0"/><line nr="122" mi="1" ci="0" mb="0" cb="0"/><counter type="INSTRUCTION" missed="5" covered="166"/><counter type="BRANCH" missed="0" covered="12"/><counter type="LINE" missed="2" covered="34"/><counter type="COMPLEXITY" missed="1" covered="14"/><counter type="METHOD" missed="1" covered="8"/><counter type="CLASS" missed="0" covered="1"/></sourcefile><sourcefile name="TourGuideService.java"><line nr="35" mi="0" ci="4" mb="0" cb="0"/><line nr="38" mi="0" ci="5" mb="0" cb="0"/><line nr="40" mi="0" ci="3" mb="0" cb="0"/><line nr="47" mi="0" ci="2" mb="0" cb="0"/><line nr="48" mi="0" ci="3" mb="0" cb="0"/><line nr="49" mi="0" ci="3" mb="0" cb="0"/><line nr="51" mi="0" ci="3" mb="1" cb="1"/><line nr="53" mi="0" ci="4" mb="0" cb="0"/><line nr="54" mi="0" ci="4" mb="0" cb="0"/><line nr="55" mi="0" ci="2" mb="0" cb="0"/><line nr="56" mi="0" ci="4" mb="0" cb="0"/><line nr="59" mi="0" ci="6" mb="0" cb="0"/><line nr="60" mi="0" ci="2" mb="0" cb="0"/><line nr="61" mi="0" ci="1" mb="0" cb="0"/><line nr="71" mi="0" ci="3" mb="0" cb="0"/><line nr="78" mi="3" ci="8" mb="1" cb="1"/><line nr="85" mi="0" ci="6" mb="0" cb="0"/><line nr="91" mi="0" ci="8" mb="0" cb="0"/><line nr="98" mi="0" ci="6" mb="1" cb="1"/><line nr="100" mi="0" ci="7" mb="0" cb="0"/><line nr="102" mi="0" ci="1" mb="0" cb="0"/><line nr="108" mi="3" ci="7" mb="0" cb="0"/><line nr="110" mi="0" ci="6" mb="0" cb="0"/><line nr="112" mi="0" ci="2" mb="0" cb="0"/><line nr="113" mi="0" ci="3" mb="0" cb="0"/><line nr="114" mi="0" ci="3" mb="0" cb="0"/><line nr="115" mi="0" ci="3" mb="0" cb="0"/><line nr="118" mi="0" ci="3" mb="0" cb="0"/><line nr="119" mi="0" ci="2" mb="0" cb="0"/><line nr="138" mi="0" ci="14" mb="0" cb="0"/><line nr="139" mi="0" ci="1" mb="0" cb="0"/><line nr="141" mi="0" ci="3" mb="0" cb="0"/><line nr="142" mi="0" ci="4" mb="0" cb="0"/><line nr="143" mi="0" ci="2" mb="0" cb="0"/><line nr="146" mi="0" ci="2" mb="0" cb="0"/><line nr="152" mi="0" ci="5" mb="0" cb="0"/><line nr="153" mi="0" ci="1" mb="0" cb="0"/><line nr="158" mi="0" ci="4" mb="0" cb="0"/><line nr="159" mi="0" ci="1" mb="0" cb="0"/><line nr="160" mi="0" ci="4" mb="0" cb="0"/><line nr="161" mi="0" ci="10" mb="0" cb="0"/><line nr="163" mi="0" ci="1" mb="0" cb="0"/><line nr="164" mi="0" ci="4" mb="0" cb="0"/><line nr="165" mi="0" ci="11" mb="0" cb="0"/><line nr="166" mi="0" ci="1" mb="0" cb="0"/><line nr="168" mi="0" ci="1" mb="0" cb="0"/><line nr="169" mi="0" ci="3" mb="0" cb="0"/><line nr="176" mi="0" ci="5" mb="0" cb="0"/><line nr="177" mi="0" ci="5" mb="0" cb="0"/><line nr="178" mi="0" ci="3" mb="0" cb="0"/><line nr="184" mi="0" ci="6" mb="0" cb="0"/><line nr="185" mi="0" ci="6" mb="0" cb="0"/><line nr="188" mi="0" ci="4" mb="0" cb="0"/><line nr="189" mi="0" ci="1" mb="0" cb="0"/><line nr="191" mi="0" ci="1" mb="0" cb="0"/><line nr="198" mi="0" ci="5" mb="0" cb="0"/><line nr="202" mi="0" ci="6" mb="0" cb="0"/><line nr="203" mi="0" ci="9" mb="0" cb="0"/><line nr="204" mi="0" ci="2" mb="0" cb="0"/><line nr="205" mi="0" ci="9" mb="0" cb="0"/><line nr="206" mi="0" ci="8" mb="0" cb="0"/><line nr="207" mi="0" ci="3" mb="0" cb="0"/><line nr="209" mi="0" ci="6" mb="0" cb="0"/><line nr="210" mi="0" ci="1" mb="0" cb="0"/><line nr="212" mi="0" ci="13" mb="0" cb="0"/><line nr="213" mi="0" ci="1" mb="0" cb="0"/><line nr="217" mi="0" ci="7" mb="0" cb="0"/><line nr="218" mi="0" ci="5" mb="0" cb="0"/><line nr="220" mi="0" ci="4" mb="0" cb="0"/><line nr="221" mi="0" ci="2" mb="0" cb="0"/><line nr="222" mi="0" ci="3" mb="0" cb="0"/><line nr="223" mi="0" ci="2" mb="0" cb="0"/><line nr="226" mi="0" ci="1" mb="0" cb="0"/><line nr="228" mi="0" ci="1" mb="0" cb="0"/><line nr="232" mi="0" ci="2" mb="0" cb="0"/><line nr="233" mi="0" ci="2" mb="0" cb="0"/><line nr="234" mi="0" ci="11" mb="0" cb="0"/><line nr="239" mi="0" ci="2" mb="0" cb="0"/><line nr="240" mi="0" ci="2" mb="0" cb="0"/><line nr="241" mi="0" ci="11" mb="0" cb="0"/><line nr="246" mi="0" ci="9" mb="0" cb="0"/><line nr="247" mi="0" ci="5" mb="0" cb="0"/><line nr="252" mi="3" ci="0" mb="0" cb="0"/><line nr="254" mi="4" ci="0" mb="0" cb="0"/><line nr="256" mi="3" ci="0" mb="0" cb="0"/><line nr="258" mi="3" ci="0" mb="2" cb="0"/><line nr="260" mi="4" ci="0" mb="0" cb="0"/><line nr="262" mi="3" ci="0" mb="2" cb="0"/><line nr="264" mi="4" ci="0" mb="0" cb="0"/><line nr="266" mi="3" ci="0" mb="2" cb="0"/><line nr="268" mi="4" ci="0" mb="0" cb="0"/><line nr="270" mi="3" ci="0" mb="2" cb="0"/><line nr="272" mi="4" ci="0" mb="0" cb="0"/><line nr="274" mi="3" ci="0" mb="2" cb="0"/><line nr="276" mi="4" ci="0" mb="0" cb="0"/><line nr="278" mi="3" ci="0" mb="2" cb="0"/><line nr="280" mi="4" ci="0" mb="0" cb="0"/><line nr="282" mi="2" ci="0" mb="0" cb="0"/><counter type="INSTRUCTION" missed="60" covered="349"/><counter type="BRANCH" missed="15" covered="3"/><counter type="LINE" missed="16" covered="82"/><counter type="COMPLEXITY" missed="11" covered="26"/><counter type="METHOD" missed="2" covered="26"/><counter type="CLASS" missed="0" covered="2"/></sourcefile><counter type="INSTRUCTION" missed="65" covered="515"/><counter type="BRANCH" missed="15" covered="15"/><counter type="LINE" missed="18" covered="116"/><counter type="COMPLEXITY" missed="12" covered="40"/><counter type="METHOD" missed="3" covered="34"/><counter type="CLASS" missed="0" covered="3"/></package><package name="tourGuide/user"><class name="tourGuide/user/User" sourcefilename="User.java"><method name="&lt;init&gt;" desc="(Ljava/util/UUID;Ljava/lang/String;Ljava/lang/String;Ljava/lang/String;)V" line="20"><counter type="INSTRUCTION" missed="0" covered="35"/><counter type="LINE" missed="0" covered="10"/><counter type="COMPLEXITY" missed="0" covered="1"/><counter type="METHOD" missed="0" covered="1"/></method><method name="getUserId" desc="()Ljava/util/UUID;" line="36"><counter type="INSTRUCTION" missed="0" covered="3"/><counter type="LINE" missed="0" covered="1"/><counter type="COMPLEXITY" missed="0" covered="1"/><counter type="METHOD" missed="0" covered="1"/></method><method name="getUserName" desc="()Ljava/lang/String;" line="41"><counter type="INSTRUCTION" missed="0" covered="3"/><counter type="LINE" missed="0" covered="1"/><counter type="COMPLEXITY" missed="0" covered="1"/><counter type="METHOD" missed="0" covered="1"/></method><method name="setPhoneNumber" desc="(Ljava/lang/String;)V" line="46"><counter type="INSTRUCTION" missed="4" covered="0"/><counter type="LINE" missed="2" covered="0"/><counter type="COMPLEXITY" missed="1" covered="0"/><counter type="METHOD" missed="1" covered="0"/></method><method name="getPhoneNumber" desc="()Ljava/lang/String;" line="51"><counter type="INSTRUCTION" missed="3" covered="0"/><counter type="LINE" missed="1" covered="0"/><counter type="COMPLEXITY" missed="1" covered="0"/><counter type="METHOD" missed="1" covered="0"/></method><method name="setEmailAddress" desc="(Ljava/lang/String;)V" line="56"><counter type="INSTRUCTION" missed="4" covered="0"/><counter type="LINE" missed="2" covered="0"/><counter type="COMPLEXITY" missed="1" covered="0"/><counter type="METHOD" missed="1" covered="0"/></method><method name="getEmailAddress" desc="()Ljava/lang/String;" line="61"><counter type="INSTRUCTION" missed="3" covered="0"/><counter type="LINE" missed="1" covered="0"/><counter type="COMPLEXITY" missed="1" covered="0"/><counter type="METHOD" missed="1" covered="0"/></method><method name="setLatestLocationTimestamp" desc="(Ljava/util/Date;)V" line="66"><counter type="INSTRUCTION" missed="4" covered="0"/><counter type="LINE" missed="2" covered="0"/><counter type="COMPLEXITY" missed="1" covered="0"/><counter type="METHOD" missed="1" covered="0"/></method><method name="getLatestLocationTimestamp" desc="()Ljava/util/Date;" line="71"><counter type="INSTRUCTION" missed="3" covered="0"/><counter type="LINE" missed="1" covered="0"/><counter type="COMPLEXITY" missed="1" covered="0"/><counter type="METHOD" missed="1" covered="0"/></method><method name="addToVisitedLocations" desc="(LgpsUtil/location/VisitedLocation;)V" line="76"><counter type="INSTRUCTION" missed="0" covered="6"/><counter type="LINE" missed="0" covered="2"/><counter type="COMPLEXITY" missed="0" covered="1"/><counter type="METHOD" missed="0" covered="1"/></method><method name="getVisitedLocations" desc="()Ljava/util/Deque;" line="81"><counter type="INSTRUCTION" missed="0" covered="3"/><counter type="LINE" missed="0" covered="1"/><counter type="COMPLEXITY" missed="0" covered="1"/><counter type="METHOD" missed="0" covered="1"/></method><method name="clearVisitedLocations" desc="()V" line="86"><counter type="INSTRUCTION" missed="4" covered="0"/><counter type="LINE" missed="2" covered="0"/><counter type="COMPLEXITY" missed="1" covered="0"/><counter type="METHOD" missed="1" covered="0"/></method><method name="addUserReward" desc="(LtourGuide/user/UserReward;)V" line="91"><counter type="INSTRUCTION" missed="0" covered="8"/><counter type="LINE" missed="0" covered="2"/><counter type="COMPLEXITY" missed="0" covered="1"/><counter type="METHOD" missed="0" covered="1"/></method><method name="getUserRewards" desc="()Ljava/util/Collection;" line="96"><counter type="INSTRUCTION" missed="0" covered="4"/><counter type="LINE" missed="0" covered="1"/><counter type="COMPLEXITY" missed="0" covered="1"/><counter type="METHOD" missed="0" covered="1"/></method><method name="getUserPreferences" desc="()LtourGuide/user/UserPreferences;" line="101"><counter type="INSTRUCTION" missed="0" covered="3"/><counter type="LINE" missed="0" covered="1"/><counter type="COMPLEXITY" missed="0" covered="1"/><counter type="METHOD" missed="0" covered="1"/></method><method name="setUserPreferences" desc="(LtourGuide/user/UserPreferences;)V" line="106"><counter type="INSTRUCTION" missed="0" covered="4"/><counter type="LINE" missed="0" covered="2"/><counter type="COMPLEXITY" missed="0" covered="1"/><counter type="METHOD" missed="0" covered="1"/></method><method name="getLastVisitedLocation" desc="()LgpsUtil/location/VisitedLocation;" line="111"><counter type="INSTRUCTION" missed="0" covered="5"/><counter type="LINE" missed="0" covered="1"/><counter type="COMPLEXITY" missed="0" covered="1"/><counter type="METHOD" missed="0" covered="1"/></method><method name="getCurrentLocation" desc="()LgpsUtil/location/Location;" line="116"><counter type="INSTRUCTION" missed="0" covered="4"/><counter type="LINE" missed="0" covered="1"/><counter type="COMPLEXITY" missed="0" covered="1"/><counter type="METHOD" missed="0" covered="1"/></method><method name="setTripDeals" desc="(Ljava/util/List;)V" line="121"><counter type="INSTRUCTION" missed="0" covered="4"/><counter type="LINE" missed="0" covered="2"/><counter type="COMPLEXITY" missed="0" covered="1"/><counter type="METHOD" missed="0" covered="1"/></method><method name="getTripDeals" desc="()Ljava/util/List;" line="126"><counter type="INSTRUCTION" missed="3" covered="0"/><counter type="LINE" missed="1" covered="0"/><counter type="COMPLEXITY" missed="1" covered="0"/><counter type="METHOD" missed="1" covered="0"/></method><method name="isAttractionRewarded" desc="(LgpsUtil/location/Attraction;)Z" line="131"><counter type="INSTRUCTION" missed="0" covered="9"/><counter type="LINE" missed="0" covered="3"/><counter type="COMPLEXITY" missed="0" covered="1"/><counter type="METHOD" missed="0" covered="1"/></method><method name="lambda$isAttractionRewarded$0" desc="(LgpsUtil/location/Attraction;Ljava/lang/String;)Z" line="133"><counter type="INSTRUCTION" missed="0" covered="5"/><counter type="LINE" missed="0" covered="1"/><counter type="COMPLEXITY" missed="0" covered="1"/><counter type="METHOD" missed="0" covered="1"/></method><counter type="INSTRUCTION" missed="28" covered="96"/><counter type="LINE" missed="12" covered="28"/><counter type="COMPLEXITY" missed="8" covered="14"/><counter type="METHOD" missed="8" covered="14"/><counter type="CLASS" missed="0" covered="1"/></class><class name="tourGuide/user/UserPreferences" sourcefilename="UserPreferences.java"><method name="&lt;init&gt;" desc="()V" line="12"><counter type="INSTRUCTION" missed="0" covered="38"/><counter type="LINE" missed="0" covered="10"/><counter type="COMPLEXITY" missed="0" covered="1"/><counter type="METHOD" missed="0" covered="1"/></method><method name="setAttractionProximity" desc="(I)V" line="28"><counter type="INSTRUCTION" missed="0" covered="4"/><counter type="LINE" missed="0" covered="2"/><counter type="COMPLEXITY" missed="0" covered="1"/><counter type="METHOD" missed="0" covered="1"/></method><method name="getAttractionProximity" desc="()I" line="33"><counter type="INSTRUCTION" missed="0" covered="3"/><counter type="LINE" missed="0" covered="1"/><counter type="COMPLEXITY" missed="0" covered="1"/><counter type="METHOD" missed="0" covered="1"/></method><method name="getLowerPricePoint" desc="()Lorg/javamoney/moneta/Money;" line="38"><counter type="INSTRUCTION" missed="0" covered="3"/><counter type="LINE" missed="0" covered="1"/><counter type="COMPLEXITY" missed="0" covered="1"/><counter type="METHOD" missed="0" covered="1"/></method><method name="setLowerPricePoint" desc="(Lorg/javamoney/moneta/Money;)V" line="43"><counter type="INSTRUCTION" missed="0" covered="4"/><counter type="LINE" missed="0" covered="2"/><counter type="COMPLEXITY" missed="0" covered="1"/><counter type="METHOD" missed="0" covered="1"/></method><method name="getHighPricePoint" desc="()Lorg/javamoney/moneta/Money;" line="48"><counter type="INSTRUCTION" missed="0" covered="3"/><counter type="LINE" missed="0" covered="1"/><counter type="COMPLEXITY" missed="0" covered="1"/><counter type="METHOD" missed="0" covered="1"/></method><method name="setHighPricePoint" desc="(Lorg/javamoney/moneta/Money;)V" line="53"><counter type="INSTRUCTION" missed="0" covered="4"/><counter type="LINE" missed="0" covered="2"/><counter type="COMPLEXITY" missed="0" covered="1"/><counter type="METHOD" missed="0" covered="1"/></method><method name="getTripDuration" desc="()I" line="58"><counter type="INSTRUCTION" missed="0" covered="3"/><counter type="LINE" missed="0" covered="1"/><counter type="COMPLEXITY" missed="0" covered="1"/><counter type="METHOD" missed="0" covered="1"/></method><method name="setTripDuration" desc="(I)V" line="63"><counter type="INSTRUCTION" missed="0" covered="4"/><counter type="LINE" missed="0" covered="2"/><counter type="COMPLEXITY" missed="0" covered="1"/><counter type="METHOD" missed="0" covered="1"/></method><method name="getTicketQuantity" desc="()I" line="68"><counter type="INSTRUCTION" missed="0" covered="3"/><counter type="LINE" missed="0" covered="1"/><counter type="COMPLEXITY" missed="0" covered="1"/><counter type="METHOD" missed="0" covered="1"/></method><method name="setTicketQuantity" desc="(I)V" line="73"><counter type="INSTRUCTION" missed="0" covered="4"/><counter type="LINE" missed="0" covered="2"/><counter type="COMPLEXITY" missed="0" covered="1"/><counter type="METHOD" missed="0" covered="1"/></method><method name="getNumberOfAdults" desc="()I" line="78"><counter type="INSTRUCTION" missed="0" covered="3"/><counter type="LINE" missed="0" covered="1"/><counter type="COMPLEXITY" missed="0" covered="1"/><counter type="METHOD" missed="0" covered="1"/></method><method name="setNumberOfAdults" desc="(I)V" line="83"><counter type="INSTRUCTION" missed="0" covered="4"/><counter type="LINE" missed="0" covered="2"/><counter type="COMPLEXITY" missed="0" covered="1"/><counter type="METHOD" missed="0" covered="1"/></method><method name="getNumberOfChildren" desc="()I" line="88"><counter type="INSTRUCTION" missed="0" covered="3"/><counter type="LINE" missed="0" covered="1"/><counter type="COMPLEXITY" missed="0" covered="1"/><counter type="METHOD" missed="0" covered="1"/></method><method name="setNumberOfChildren" desc="(I)V" line="93"><counter type="INSTRUCTION" missed="0" covered="4"/><counter type="LINE" missed="0" covered="2"/><counter type="COMPLEXITY" missed="0" covered="1"/><counter type="METHOD" missed="0" covered="1"/></method><method name="getUserName" desc="()Ljava/lang/String;" line="98"><counter type="INSTRUCTION" missed="3" covered="0"/><counter type="LINE" missed="1" covered="0"/><counter type="COMPLEXITY" missed="1" covered="0"/><counter type="METHOD" missed="1" covered="0"/></method><method name="setUserName" desc="(Ljava/lang/String;)V" line="103"><counter type="INSTRUCTION" missed="4" covered="0"/><counter type="LINE" missed="2" covered="0"/><counter type="COMPLEXITY" missed="1" covered="0"/><counter type="METHOD" missed="1" covered="0"/></method><counter type="INSTRUCTION" missed="7" covered="87"/><counter type="LINE" missed="3" covered="31"/><counter type="COMPLEXITY" missed="2" covered="15"/><counter type="METHOD" missed="2" covered="15"/><counter type="CLASS" missed="0" covered="1"/></class><class name="tourGuide/user/UserReward" sourcefilename="UserReward.java"><method name="&lt;init&gt;" desc="(LgpsUtil/location/VisitedLocation;LgpsUtil/location/Attraction;I)V" line="14"><counter type="INSTRUCTION" missed="12" covered="0"/><counter type="LINE" missed="5" covered="0"/><counter type="COMPLEXITY" missed="1" covered="0"/><counter type="METHOD" missed="1" covered="0"/></method><method name="&lt;init&gt;" desc="(LgpsUtil/location/VisitedLocation;LgpsUtil/location/Attraction;)V" line="21"><counter type="INSTRUCTION" missed="0" covered="9"/><counter type="LINE" missed="0" covered="4"/><counter type="COMPLEXITY" missed="0" covered="1"/><counter type="METHOD" missed="0" covered="1"/></method><method name="setRewardPoints" desc="(I)V" line="28"><counter type="INSTRUCTION" missed="0" covered="4"/><counter type="LINE" missed="0" covered="2"/><counter type="COMPLEXITY" missed="0" covered="1"/><counter type="METHOD" missed="0" covered="1"/></method><method name="getRewardPoints" desc="()I" line="33"><counter type="INSTRUCTION" missed="3" covered="0"/><counter type="LINE" missed="1" covered="0"/><counter type="COMPLEXITY" missed="1" covered="0"/><counter type="METHOD" missed="1" covered="0"/></method><method name="getAttractionName" desc="()Ljava/lang/String;" line="38"><counter type="INSTRUCTION" missed="0" covered="4"/><counter type="LINE" missed="0" covered="1"/><counter type="COMPLEXITY" missed="0" covered="1"/><counter type="METHOD" missed="0" covered="1"/></method><counter type="INSTRUCTION" missed="15" covered="17"/><counter type="LINE" missed="6" covered="7"/><counter type="COMPLEXITY" missed="2" covered="3"/><counter type="METHOD" missed="2" covered="3"/><counter type="CLASS" missed="0" covered="1"/></class><sourcefile name="UserPreferences.java"><line nr="12" mi="0" ci="3" mb="0" cb="0"/><line nr="13" mi="0" ci="6" mb="0" cb="0"/><line nr="14" mi="0" ci="7" mb="0" cb="0"/><line nr="15" mi="0" ci="7" mb="0" cb="0"/><line nr="17" mi="0" ci="3" mb="0" cb="0"/><line nr="18" mi="0" ci="3" mb="0" cb="0"/><line nr="19" mi="0" ci="3" mb="0" cb="0"/><line nr="20" mi="0" ci="3" mb="0" cb="0"/><line nr="23" mi="0" ci="2" mb="0" cb="0"/><line nr="24" mi="0" ci="1" mb="0" cb="0"/><line nr="28" mi="0" ci="3" mb="0" cb="0"/><line nr="29" mi="0" ci="1" mb="0" cb="0"/><line nr="33" mi="0" ci="3" mb="0" cb="0"/><line nr="38" mi="0" ci="3" mb="0" cb="0"/><line nr="43" mi="0" ci="3" mb="0" cb="0"/><line nr="44" mi="0" ci="1" mb="0" cb="0"/><line nr="48" mi="0" ci="3" mb="0" cb="0"/><line nr="53" mi="0" ci="3" mb="0" cb="0"/><line nr="54" mi="0" ci="1" mb="0" cb="0"/><line nr="58" mi="0" ci="3" mb="0" cb="0"/><line nr="63" mi="0" ci="3" mb="0" cb="0"/><line nr="64" mi="0" ci="1" mb="0" cb="0"/><line nr="68" mi="0" ci="3" mb="0" cb="0"/><line nr="73" mi="0" ci="3" mb="0" cb="0"/><line nr="74" mi="0" ci="1" mb="0" cb="0"/><line nr="78" mi="0" ci="3" mb="0" cb="0"/><line nr="83" mi="0" ci="3" mb="0" cb="0"/><line nr="84" mi="0" ci="1" mb="0" cb="0"/><line nr="88" mi="0" ci="3" mb="0" cb="0"/><line nr="93" mi="0" ci="3" mb="0" cb="0"/><line nr="94" mi="0" ci="1" mb="0" cb="0"/><line nr="98" mi="3" ci="0" mb="0" cb="0"/><line nr="103" mi="3" ci="0" mb="0" cb="0"/><line nr="104" mi="1" ci="0" mb="0" cb="0"/><counter type="INSTRUCTION" missed="7" covered="87"/><counter type="LINE" missed="3" covered="31"/><counter type="COMPLEXITY" missed="2" covered="15"/><counter type="METHOD" missed="2" covered="15"/><counter type="CLASS" missed="0" covered="1"/></sourcefile><sourcefile name="UserReward.java"><line nr="14" mi="2" ci="0" mb="0" cb="0"/><line nr="15" mi="3" ci="0" mb="0" cb="0"/><line nr="16" mi="3" ci="0" mb="0" cb="0"/><line nr="17" mi="3" ci="0" mb="0" cb="0"/><line nr="18" mi="1" ci="0" mb="0" cb="0"/><line nr="21" mi="0" ci="2" mb="0" cb="0"/><line nr="22" mi="0" ci="3" mb="0" cb="0"/><line nr="23" mi="0" ci="3" mb="0" cb="0"/><line nr="24" mi="0" ci="1" mb="0" cb="0"/><line nr="28" mi="0" ci="3" mb="0" cb="0"/><line nr="29" mi="0" ci="1" mb="0" cb="0"/><line nr="33" mi="3" ci="0" mb="0" cb="0"/><line nr="38" mi="0" ci="4" mb="0" cb="0"/><counter type="INSTRUCTION" missed="15" covered="17"/><counter type="LINE" missed="6" covered="7"/><counter type="COMPLEXITY" missed="2" covered="3"/><counter type="METHOD" missed="2" covered="3"/><counter type="CLASS" missed="0" covered="1"/></sourcefile><sourcefile name="User.java"><line nr="20" mi="0" ci="5" mb="0" cb="0"/><line nr="21" mi="0" ci="5" mb="0" cb="0"/><line nr="23" mi="0" ci="5" mb="0" cb="0"/><line nr="24" mi="0" ci="5" mb="0" cb="0"/><line nr="27" mi="0" ci="2" mb="0" cb="0"/><line nr="28" mi="0" ci="3" mb="0" cb="0"/><line nr="29" mi="0" ci="3" mb="0" cb="0"/><line nr="30" mi="0" ci="3" mb="0" cb="0"/><line nr="31" mi="0" ci="3" mb="0" cb="0"/><line nr="32" mi="0" ci="1" mb="0" cb="0"/><line nr="36" mi="0" ci="3" mb="0" cb="0"/><line nr="41" mi="0" ci="3" mb="0" cb="0"/><line nr="46" mi="3" ci="0" mb="0" cb="0"/><line nr="47" mi="1" ci="0" mb="0" cb="0"/><line nr="51" mi="3" ci="0" mb="0" cb="0"/><line nr="56" mi="3" ci="0" mb="0" cb="0"/><line nr="57" mi="1" ci="0" mb="0" cb="0"/><line nr="61" mi="3" ci="0" mb="0" cb="0"/><line nr="66" mi="3" ci="0" mb="0" cb="0"/><line nr="67" mi="1" ci="0" mb="0" cb="0"/><line nr="71" mi="3" ci="0" mb="0" cb="0"/><line nr="76" mi="0" ci="5" mb="0" cb="0"/><line nr="77" mi="0" ci="1" mb="0" cb="0"/><line nr="81" mi="0" ci="3" mb="0" cb="0"/><line nr="86" mi="3" ci="0" mb="0" cb="0"/><line nr="87" mi="1" ci="0" mb="0" cb="0"/><line nr="91" mi="0" ci="7" mb="0" cb="0"/><line nr="92" mi="0" ci="1" mb="0" cb="0"/><line nr="96" mi="0" ci="4" mb="0" cb="0"/><line nr="101" mi="0" ci="3" mb="0" cb="0"/><line nr="106" mi="0" ci="3" mb="0" cb="0"/><line nr="107" mi="0" ci="1" mb="0" cb="0"/><line nr="111" mi="0" ci="5" mb="0" cb="0"/><line nr="116" mi="0" ci="4" mb="0" cb="0"/><line nr="121" mi="0" ci="3" mb="0" cb="0"/><line nr="122" mi="0" ci="1" mb="0" cb="0"/><line nr="126" mi="3" ci="0" mb="0" cb="0"/><line nr="131" mi="0" ci="5" mb="0" cb="0"/><line nr="132" mi="0" ci="3" mb="0" cb="0"/><line nr="133" mi="0" ci="6" mb="0" cb="0"/><counter type="INSTRUCTION" missed="28" covered="96"/><counter type="LINE" missed="12" covered="28"/><counter type="COMPLEXITY" missed="8" covered="14"/><counter type="METHOD" missed="8" covered="14"/><counter type="CLASS" missed="0" covered="1"/></sourcefile><counter type="INSTRUCTION" missed="50" covered="200"/><counter type="LINE" missed="21" covered="66"/><counter type="COMPLEXITY" missed="12" covered="32"/><counter type="METHOD" missed="12" covered="32"/><counter type="CLASS" missed="0" covered="3"/></package><counter type="INSTRUCTION" missed="223" covered="824"/><counter type="BRANCH" missed="17" covered="17"/><counter type="LINE" missed="67" covered="210"/><counter type="COMPLEXITY" missed="42" covered="80"/><counter type="METHOD" missed="31" covered="74"/><counter type="CLASS" missed="3" covered="8"/></report>